Resolving dependencies...
Downloading packages...
  _fe_analyzer_shared 85.0.0 (92.0.0 available)
  _flutterfire_internals 1.3.59 (1.3.65 available)
  analyzer 7.6.0 (9.0.0 available)
  analyzer_plugin 0.13.4 (0.13.11 available)
  build 2.5.4 (4.0.3 available)
  build_config 1.1.2 (1.2.0 available)
  build_resolvers 2.5.4 (3.0.4 available)
  build_runner 2.5.4 (2.10.4 available)
  build_runner_core 9.1.2 (9.3.2 available)
  characters 1.4.0 (1.4.1 available)
  cloud_firestore 5.6.12 (6.1.1 available)
  cloud_firestore_platform_interface 6.6.12 (7.0.5 available)
  cloud_firestore_web 4.4.12 (5.1.1 available)
  custom_lint_core 0.7.5 (0.8.1 available)
  custom_lint_visitor 1.0.0+7.7.0 (1.0.0+8.4.0 available)
  dart_style 3.1.1 (3.1.3 available)
  envied_generator 1.1.1 (1.3.2 available)
  fake_cloud_firestore 3.1.0 (4.0.1 available)
  firebase_auth 5.7.0 (6.1.3 available)
  firebase_auth_mocks 0.14.2 (0.15.1 available)
  firebase_auth_platform_interface 7.7.3 (8.1.5 available)
  firebase_auth_web 5.15.3 (6.1.1 available)
  firebase_core 3.15.2 (4.3.0 available)
  firebase_core_web 2.24.1 (3.3.1 available)
  firebase_messaging 15.2.10 (16.1.0 available)
  firebase_messaging_platform_interface 4.6.10 (4.7.5 available)
  firebase_messaging_web 3.10.10 (4.1.1 available)
  fl_chart 0.69.2 (1.1.1 available)
  flutter_dotenv 5.2.1 (6.0.0 available)
  flutter_lints 4.0.0 (6.0.0 available)
  flutter_local_notifications 18.0.1 (19.5.0 available)
  flutter_local_notifications_linux 5.0.0 (6.0.0 available)
  flutter_local_notifications_platform_interface 8.0.0 (9.1.0 available)
  flutter_riverpod 2.6.1 (3.1.0 available)
  flutter_timezone 3.0.1 (5.0.1 available)
  freezed 2.5.8 (3.2.3 available)
  freezed_annotation 2.4.4 (3.1.0 available)
  json_serializable 6.9.5 (6.11.3 available)
  lints 4.0.0 (6.0.0 available)
  matcher 0.12.17 (0.12.18 available)
  material_color_utilities 0.11.1 (0.13.0 available)
  mime 1.0.6 (2.0.0 available)
  permission_handler 11.4.0 (12.0.1 available)
  permission_handler_android 12.1.0 (13.0.1 available)
  riverpod 2.6.1 (3.1.0 available)
  riverpod_analyzer_utils 0.5.9 (0.5.10 available)
  riverpod_annotation 2.6.1 (4.0.0 available)
  riverpod_generator 2.6.4 (4.0.0+1 available)
  rx 0.4.0 (0.5.0 available)
  share_plus 7.2.2 (12.0.1 available)
  share_plus_platform_interface 3.4.0 (6.1.0 available)
  signature 5.5.0 (6.3.0 available)
  source_gen 2.0.0 (4.1.1 available)
  source_helper 1.3.7 (1.3.9 available)
  test 1.26.3 (1.28.0 available)
  test_api 0.7.7 (0.7.8 available)
  test_core 0.6.12 (0.6.14 available)
  timezone 0.9.4 (0.10.1 available)
! vector_math 2.2.0 (overridden)
  workmanager 0.8.0 (0.9.0+3 available)
  workmanager_android 0.8.0 (0.9.0+2 available)
  workmanager_apple 0.8.0 (0.9.1+2 available)
  workmanager_platform_interface 0.8.0 (0.9.1+1 available)
Got dependencies!
62 packages have newer versions incompatible with dependency constraints.
Try `flutter pub outdated` for more information.
Running Gradle task 'assembleDebug'...                          
lib/core/services/habit_template_loader.dart:27:10: Error: 'FlutterError' isn't a type.
    } on FlutterError catch (e) {
         ^^^^^^^^^^^^
Target kernel_snapshot_program failed: Exception


FAILURE: Build failed with an exception.

* What went wrong:
Execution failed for task ':app:compileFlutterBuildDebug'.
> Process 'command '/home/develop4god/flutter/bin/flutter'' finished with non-zero exit value 1

* Try:
> Run with --stacktrace option to get the stack trace.
> Run with --info or --debug option to get more log output.
> Run with --scan to get full insights.
> Get more help at https://help.gradle.org.

BUILD FAILED in 23s
Running Gradle task 'assembleDebug'...                             24.3s
Gradle task assembleDebug failed with exit code 1
