SF:lib/features/habits/domain/habit.dart
DA:10,0
DA:12,0
DA:14,0
DA:16,0
DA:18,0
DA:20,0
DA:45,5
DA:64,4
DA:75,4
DA:85,4
DA:90,2
DA:91,2
DA:92,8
DA:95,2
DA:96,1
DA:97,2
DA:98,2
DA:99,2
DA:102,1
DA:110,2
DA:111,1
DA:112,2
DA:113,2
DA:114,2
DA:116,1
DA:118,1
DA:120,2
DA:129,5
DA:132,6
DA:134,2
DA:143,4
DA:161,4
DA:162,4
DA:163,4
DA:164,4
DA:165,4
DA:166,4
DA:167,4
DA:168,4
DA:169,4
DA:170,4
DA:171,1
DA:172,0
DA:173,0
DA:174,2
DA:175,0
DA:176,4
DA:177,4
LF:48
LH:39
end_of_record
SF:lib/features/habits/domain/failures.dart
DA:4,9
DA:15,8
DA:19,1
DA:23,0
DA:27,0
DA:31,0
LF:6
LH:3
end_of_record
SF:lib/features/habits/data/firestore_habits_repository.dart
DA:12,1
DA:18,1
DA:20,1
DA:21,2
DA:24,1
DA:25,1
DA:26,2
DA:27,1
DA:28,1
DA:29,1
DA:30,2
DA:31,5
DA:35,1
DA:42,1
DA:46,1
DA:47,2
DA:48,1
DA:54,1
DA:55,1
DA:56,2
DA:57,2
DA:59,1
DA:60,0
DA:61,0
DA:63,0
DA:67,1
DA:70,1
DA:74,4
DA:76,1
DA:77,2
DA:80,1
DA:81,1
DA:83,1
DA:84,1
DA:85,1
DA:86,2
DA:88,1
DA:89,0
DA:90,0
DA:92,0
DA:96,1
DA:99,1
DA:103,4
DA:105,0
DA:106,0
DA:108,0
LF:46
LH:37
end_of_record
SF:lib/features/habits/domain/habits_repository.dart
DA:6,15
DA:8,2
DA:9,2
DA:11,2
DA:12,0
DA:14,2
DA:15,2
DA:16,4
DA:18,2
DA:25,15
DA:30,9
LF:11
LH:10
end_of_record
SF:lib/features/habits/data/habit_model.dart
DA:7,2
DA:8,2
DA:9,2
DA:10,2
DA:11,2
DA:12,2
DA:13,2
DA:14,2
DA:15,8
DA:16,0
DA:18,2
DA:19,2
DA:20,0
DA:22,2
DA:23,2
DA:24,2
DA:25,2
DA:26,2
DA:27,2
DA:28,2
DA:30,2
DA:31,4
DA:32,2
DA:33,0
DA:34,4
DA:35,2
DA:39,2
DA:40,2
DA:41,2
DA:42,2
DA:43,2
DA:44,4
DA:45,2
DA:46,2
DA:47,2
DA:48,2
DA:49,2
DA:50,2
DA:51,2
DA:52,2
DA:53,4
DA:55,2
DA:56,6
DA:57,2
DA:58,4
DA:59,2
DA:64,2
DA:65,2
DA:66,2
DA:67,2
DA:68,2
DA:69,2
DA:70,2
DA:71,8
DA:72,0
DA:74,2
DA:75,2
DA:76,0
DA:78,2
DA:79,2
DA:80,2
DA:81,2
DA:82,2
DA:83,2
DA:84,2
DA:86,2
DA:87,4
DA:88,2
DA:89,0
DA:90,4
DA:91,2
DA:95,2
DA:96,2
DA:97,2
DA:98,2
DA:99,2
DA:100,2
DA:101,4
DA:102,2
DA:103,2
DA:104,2
DA:105,2
DA:106,2
DA:107,2
DA:108,2
DA:109,3
DA:111,8
DA:112,4
DA:113,2
LF:89
LH:83
end_of_record
SF:lib/features/habits/domain/models/verse_reference.dart
DA:16,1
DA:17,1
DA:19,2
DA:22,1
DA:23,1
DA:24,5
DA:26,4
LF:7
LH:7
end_of_record
SF:lib/features/habits/domain/models/verse_reference.g.dart
DA:9,1
DA:10,1
DA:11,1
DA:12,2
DA:13,2
DA:14,1
DA:17,1
DA:19,1
DA:20,1
DA:21,1
DA:22,1
DA:23,1
LF:12
LH:12
end_of_record
SF:lib/features/habits/data/storage/json_storage_service.dart
DA:8,3
DA:11,2
DA:12,2
DA:13,4
DA:17,3
DA:18,6
DA:20,2
DA:24,3
DA:25,3
DA:26,6
DA:30,3
DA:31,6
DA:32,3
DA:33,3
DA:34,3
DA:38,1
DA:39,2
DA:43,1
DA:44,2
DA:48,1
DA:49,2
DA:53,1
DA:54,2
DA:58,1
DA:59,2
DA:63,1
DA:64,2
DA:68,1
DA:69,2
LF:29
LH:29
end_of_record
SF:lib/features/habits/data/storage/json_habits_repository.dart
DA:21,2
DA:29,2
DA:32,2
DA:33,2
DA:34,4
DA:37,2
DA:38,4
DA:40,6
DA:41,12
DA:42,2
DA:45,8
DA:48,2
DA:49,4
DA:50,6
DA:53,2
DA:54,8
DA:57,3
DA:58,4
DA:59,1
DA:63,2
DA:66,2
DA:69,2
DA:70,3
DA:73,2
DA:76,6
DA:82,2
DA:83,6
DA:84,2
DA:86,2
DA:88,1
DA:89,2
DA:91,2
DA:96,1
DA:97,1
DA:100,2
DA:101,2
DA:103,1
DA:104,4
DA:108,6
DA:109,1
DA:110,1
DA:111,3
DA:114,2
DA:117,1
DA:119,3
DA:120,2
DA:121,1
DA:122,1
DA:131,2
DA:132,2
DA:136,6
DA:137,1
DA:138,1
DA:139,1
DA:144,3
DA:145,5
DA:147,1
DA:148,1
DA:149,1
DA:160,2
DA:161,8
DA:162,4
DA:163,2
DA:166,1
DA:168,2
DA:171,2
DA:178,2
DA:179,2
DA:180,4
DA:181,2
DA:187,2
DA:188,2
DA:190,2
DA:192,0
DA:193,0
DA:198,1
DA:201,1
DA:202,4
DA:204,2
DA:205,0
DA:206,0
DA:210,1
DA:213,1
DA:214,1
DA:216,1
DA:220,1
DA:226,1
DA:229,1
DA:232,1
DA:233,1
DA:235,1
DA:237,0
DA:238,0
DA:243,1
DA:244,3
DA:247,3
DA:250,3
DA:253,2
DA:256,2
DA:259,1
DA:262,1
DA:263,4
DA:264,1
DA:268,0
DA:269,0
DA:274,0
DA:275,0
LF:107
LH:97
end_of_record
SF:lib/features/habits/domain/models/completion_record.dart
DA:15,2
DA:16,2
DA:18,2
DA:21,2
DA:22,2
DA:23,4
DA:24,4
DA:25,4
DA:27,6
LF:9
LH:9
end_of_record
SF:lib/features/habits/domain/models/completion_record.g.dart
DA:9,2
DA:11,2
DA:12,2
DA:13,4
DA:14,2
DA:17,2
DA:19,2
DA:20,2
DA:21,4
DA:22,2
LF:10
LH:10
end_of_record
SF:lib/features/habits/data/storage/storage_providers.dart
DA:9,3
DA:10,0
DA:16,4
DA:17,2
DA:18,1
DA:23,4
DA:29,4
DA:30,2
DA:31,2
DA:33,1
DA:36,2
DA:41,0
DA:42,0
DA:43,0
DA:47,0
DA:48,0
DA:49,0
DA:50,0
DA:52,0
LF:19
LH:10
end_of_record
SF:lib/features/habits/presentation/widgets/habit_completion_card.dart
DA:11,1
DA:18,1
DA:19,1
DA:27,1
DA:29,1
DA:30,2
DA:36,0
DA:38,0
DA:39,0
DA:42,0
DA:43,0
DA:44,0
DA:45,0
DA:47,0
DA:48,0
DA:49,0
DA:50,0
DA:51,0
DA:52,0
DA:54,0
DA:61,1
DA:63,1
DA:64,3
DA:66,1
DA:67,5
DA:68,3
DA:69,1
DA:70,1
DA:71,3
DA:72,0
DA:75,1
DA:76,1
DA:77,1
DA:78,1
DA:79,1
DA:80,1
DA:82,1
DA:84,1
DA:85,1
DA:86,1
DA:87,1
DA:90,1
DA:91,3
DA:92,0
DA:93,1
DA:96,1
DA:97,1
DA:104,1
DA:105,1
DA:107,1
DA:108,1
DA:109,3
DA:119,1
DA:120,3
DA:121,1
DA:123,1
DA:131,3
DA:132,0
DA:147,1
DA:149,1
DA:150,1
DA:152,1
DA:153,4
DA:156,1
DA:158,1
DA:159,4
DA:164,4
DA:166,1
DA:171,1
DA:172,1
DA:173,1
DA:175,1
DA:177,1
DA:184,1
DA:185,1
DA:200,1
DA:201,0
DA:202,0
DA:203,0
DA:204,0
DA:205,0
DA:207,0
DA:208,0
DA:212,0
DA:213,0
DA:214,0
DA:220,2
DA:221,0
DA:222,0
DA:223,0
DA:224,0
DA:225,0
DA:244,1
DA:251,1
DA:253,1
DA:255,1
DA:256,1
DA:257,1
DA:258,3
DA:260,1
DA:261,1
DA:262,1
DA:264,1
DA:270,1
DA:271,1
DA:272,1
DA:275,1
LF:107
LH:75
end_of_record
SF:lib/l10n/app_localizations.dart
DA:68,1
DA:69,2
DA:73,1
DA:74,1
DA:440,4
DA:442,1
DA:444,2
DA:447,1
DA:449,3
DA:451,0
DA:455,1
DA:457,1
DA:458,1
DA:459,1
DA:460,0
DA:461,0
DA:462,0
DA:463,0
DA:464,0
DA:465,0
DA:466,0
DA:467,0
DA:470,0
LF:23
LH:13
end_of_record
SF:lib/features/habits/presentation/widgets/mini_calendar_heatmap.dart
DA:7,1
DA:12,1
DA:14,1
DA:15,1
DA:16,4
DA:19,2
DA:20,3
DA:24,2
DA:25,0
DA:26,1
DA:28,1
DA:30,1
DA:31,1
DA:32,1
DA:33,1
DA:36,1
DA:40,1
DA:42,2
DA:43,1
DA:44,1
DA:46,1
DA:47,1
DA:48,1
DA:49,2
DA:50,1
DA:53,1
DA:57,1
DA:60,1
DA:63,1
DA:66,1
DA:72,1
DA:73,1
DA:74,2
DA:75,1
DA:78,1
DA:85,1
DA:91,1
DA:93,1
DA:95,1
DA:97,1
DA:99,1
DA:101,1
DA:103,1
DA:105,1
LF:44
LH:43
end_of_record
SF:lib/l10n/app_localizations_en.dart
DA:9,2
DA:11,0
DA:14,0
DA:17,0
DA:20,1
DA:23,0
DA:26,0
DA:29,0
DA:32,1
DA:35,1
DA:38,0
DA:41,0
DA:43,0
DA:46,1
DA:49,0
DA:52,1
DA:55,1
DA:58,1
DA:61,0
DA:64,0
DA:68,0
DA:71,0
DA:74,0
DA:77,0
DA:80,0
DA:83,0
DA:86,0
DA:89,0
DA:92,1
DA:95,0
DA:98,1
DA:101,0
DA:104,1
DA:107,0
DA:110,0
DA:114,0
DA:117,0
DA:121,0
DA:124,0
DA:128,0
DA:131,0
DA:135,0
DA:138,0
DA:142,0
DA:145,0
DA:149,0
DA:152,0
DA:156,0
DA:159,0
DA:163,0
DA:166,0
DA:170,0
DA:173,0
DA:177,0
DA:180,0
DA:184,0
DA:187,0
LF:57
LH:11
end_of_record
SF:lib/l10n/app_localizations_es.dart
DA:9,0
DA:11,0
DA:14,0
DA:17,0
DA:20,0
DA:23,0
DA:26,0
DA:29,0
DA:32,0
DA:35,0
DA:38,0
DA:41,0
DA:43,0
DA:46,0
DA:49,0
DA:52,0
DA:55,0
DA:58,0
DA:61,0
DA:64,0
DA:68,0
DA:71,0
DA:74,0
DA:77,0
DA:80,0
DA:83,0
DA:86,0
DA:89,0
DA:92,0
DA:95,0
DA:98,0
DA:101,0
DA:104,0
DA:107,0
DA:110,0
DA:114,0
DA:117,0
DA:121,0
DA:124,0
DA:128,0
DA:131,0
DA:135,0
DA:138,0
DA:142,0
DA:145,0
DA:149,0
DA:152,0
DA:156,0
DA:159,0
DA:163,0
DA:166,0
DA:170,0
DA:173,0
DA:177,0
DA:180,0
DA:184,0
DA:187,0
LF:57
LH:0
end_of_record
SF:lib/l10n/app_localizations_fr.dart
DA:9,0
DA:11,0
DA:14,0
DA:17,0
DA:20,0
DA:23,0
DA:26,0
DA:29,0
DA:32,0
DA:35,0
DA:38,0
DA:41,0
DA:43,0
DA:46,0
DA:49,0
DA:52,0
DA:55,0
DA:58,0
DA:61,0
DA:64,0
DA:68,0
DA:71,0
DA:74,0
DA:77,0
DA:80,0
DA:83,0
DA:86,0
DA:89,0
DA:92,0
DA:95,0
DA:98,0
DA:101,0
DA:104,0
DA:107,0
DA:110,0
DA:114,0
DA:117,0
DA:121,0
DA:124,0
DA:128,0
DA:131,0
DA:135,0
DA:138,0
DA:142,0
DA:145,0
DA:149,0
DA:152,0
DA:156,0
DA:159,0
DA:163,0
DA:166,0
DA:170,0
DA:173,0
DA:177,0
DA:180,0
DA:184,0
DA:187,0
LF:57
LH:0
end_of_record
SF:lib/l10n/app_localizations_pt.dart
DA:9,0
DA:11,0
DA:14,0
DA:17,0
DA:20,0
DA:23,0
DA:26,0
DA:29,0
DA:32,0
DA:35,0
DA:38,0
DA:41,0
DA:43,0
DA:46,0
DA:49,0
DA:52,0
DA:55,0
DA:58,0
DA:61,0
DA:64,0
DA:68,0
DA:71,0
DA:74,0
DA:77,0
DA:80,0
DA:83,0
DA:86,0
DA:89,0
DA:92,0
DA:95,0
DA:98,0
DA:101,0
DA:104,0
DA:107,0
DA:110,0
DA:114,0
DA:117,0
DA:121,0
DA:124,0
DA:128,0
DA:131,0
DA:135,0
DA:138,0
DA:142,0
DA:145,0
DA:149,0
DA:152,0
DA:155,0
DA:158,0
DA:162,0
DA:165,0
DA:169,0
DA:172,0
DA:176,0
DA:179,0
DA:183,0
DA:186,0
LF:57
LH:0
end_of_record
SF:lib/l10n/app_localizations_zh.dart
DA:9,0
DA:11,0
DA:14,0
DA:17,0
DA:20,0
DA:23,0
DA:26,0
DA:29,0
DA:32,0
DA:35,0
DA:38,0
DA:41,0
DA:43,0
DA:46,0
DA:49,0
DA:52,0
DA:55,0
DA:58,0
DA:61,0
DA:64,0
DA:67,0
DA:70,0
DA:73,0
DA:76,0
DA:79,0
DA:82,0
DA:85,0
DA:88,0
DA:91,0
DA:94,0
DA:97,0
DA:100,0
DA:103,0
DA:106,0
DA:109,0
DA:112,0
DA:115,0
DA:118,0
DA:121,0
DA:124,0
DA:127,0
DA:130,0
DA:133,0
DA:136,0
DA:139,0
DA:142,0
DA:145,0
DA:148,0
DA:151,0
DA:154,0
DA:157,0
DA:160,0
DA:163,0
DA:166,0
DA:169,0
DA:172,0
DA:175,0
LF:57
LH:0
end_of_record
SF:lib/pages/habits_page_new.dart
DA:11,4
DA:12,2
DA:13,1
DA:19,2
DA:21,0
DA:22,0
DA:24,0
DA:25,0
DA:27,0
DA:28,0
DA:29,0
DA:31,0
DA:32,0
DA:37,0
DA:38,0
DA:40,0
DA:41,0
DA:43,0
DA:44,0
DA:45,0
DA:47,0
DA:48,0
DA:53,1
DA:58,1
DA:60,3
DA:61,1
DA:67,1
DA:68,0
DA:69,0
DA:71,1
DA:72,1
DA:78,2
DA:79,2
DA:80,1
DA:84,1
DA:86,1
DA:88,1
DA:89,2
DA:92,3
DA:93,1
DA:94,0
DA:95,0
DA:96,0
DA:97,0
DA:98,0
DA:107,1
DA:109,1
DA:110,2
DA:115,1
DA:116,1
DA:117,1
DA:118,0
DA:119,0
DA:121,0
DA:122,0
DA:125,0
DA:128,0
DA:129,0
DA:130,0
DA:132,0
DA:140,1
DA:142,1
DA:143,1
DA:144,1
DA:145,2
DA:146,1
DA:148,1
DA:149,1
DA:150,1
DA:153,0
DA:155,0
DA:156,0
DA:157,0
DA:158,0
DA:159,0
DA:165,1
DA:166,1
DA:174,1
DA:175,0
DA:176,0
DA:178,0
DA:181,0
DA:186,1
DA:188,1
DA:189,1
DA:197,1
DA:199,1
DA:200,1
DA:202,1
DA:204,2
DA:205,2
DA:206,1
DA:208,1
DA:209,1
DA:212,2
DA:214,1
DA:217,2
DA:221,1
DA:222,1
DA:223,1
DA:224,1
DA:226,2
DA:228,1
DA:230,1
DA:231,4
DA:232,4
DA:233,1
DA:234,1
DA:236,1
DA:237,1
DA:241,2
DA:245,2
DA:246,1
DA:247,1
LF:114
LH:70
end_of_record
SF:lib/providers/bible_providers.dart
DA:6,4
DA:7,1
DA:11,7
DA:12,1
DA:13,1
DA:20,1
DA:27,1
DA:34,1
DA:41,1
DA:53,4
DA:54,2
DA:55,1
DA:56,3
DA:57,3
DA:60,0
DA:61,0
DA:69,2
DA:70,1
DA:73,1
DA:74,4
DA:75,1
DA:77,3
DA:80,4
DA:81,1
DA:89,3
DA:92,1
DA:93,1
DA:95,4
DA:96,2
DA:101,4
DA:102,1
DA:106,8
DA:107,2
DA:111,8
DA:112,2
DA:116,8
DA:117,4
DA:118,2
DA:119,2
DA:126,8
DA:127,4
DA:128,4
DA:129,4
DA:131,2
LF:44
LH:42
end_of_record
SF:lib/bible_reader_core/src/bible_db_service.dart
DA:11,0
DA:12,0
DA:13,0
DA:15,0
DA:17,0
DA:18,0
DA:19,0
DA:22,0
DA:26,0
DA:27,0
DA:31,0
DA:32,0
DA:34,0
DA:36,0
DA:40,0
DA:44,0
DA:47,0
DA:52,0
DA:57,0
DA:60,0
DA:69,0
DA:70,0
DA:72,0
DA:76,0
DA:77,0
DA:78,0
DA:79,0
DA:82,0
DA:83,0
DA:86,0
DA:98,0
DA:100,0
DA:101,0
DA:102,0
DA:107,0
DA:108,0
DA:111,0
DA:120,0
DA:121,0
DA:125,0
DA:130,0
DA:131,0
DA:133,0
DA:140,0
DA:146,0
DA:147,0
DA:149,0
DA:152,0
DA:158,0
DA:161,0
DA:162,0
DA:166,0
DA:173,0
DA:176,0
DA:177,0
DA:181,0
DA:188,0
DA:191,0
DA:195,0
DA:200,0
DA:203,0
DA:207,0
LF:62
LH:0
end_of_record
SF:lib/bible_reader_core/src/bible_reader_service.dart
DA:11,2
DA:14,0
DA:22,0
DA:33,0
DA:34,0
DA:38,0
DA:39,0
DA:44,0
DA:49,0
DA:51,0
DA:52,0
DA:54,0
DA:60,0
DA:61,0
DA:63,0
DA:64,0
DA:65,0
DA:66,0
DA:67,0
DA:78,0
DA:83,0
DA:84,0
DA:86,0
DA:92,0
DA:93,0
DA:95,0
DA:96,0
DA:97,0
DA:98,0
DA:100,0
DA:101,0
DA:102,0
DA:113,0
DA:118,0
DA:119,0
DA:124,0
DA:128,0
DA:130,0
DA:138,0
DA:141,0
DA:142,0
DA:146,0
DA:148,0
DA:149,0
DA:150,0
DA:153,0
DA:155,0
DA:156,0
DA:159,0
DA:160,0
DA:162,0
DA:164,0
DA:174,0
DA:175,0
DA:180,0
DA:184,0
DA:185,0
DA:190,0
DA:191,0
DA:193,0
DA:196,0
DA:197,0
DA:199,0
DA:201,0
DA:203,0
LF:65
LH:1
end_of_record
SF:lib/bible_reader_core/src/bible_reader_controller.dart
DA:26,2
DA:32,2
DA:35,0
DA:36,0
DA:39,0
DA:40,0
DA:41,0
DA:44,0
DA:45,0
DA:46,0
DA:47,0
DA:48,0
DA:49,0
DA:54,0
DA:55,0
DA:57,0
DA:60,0
DA:63,0
DA:64,0
DA:68,0
DA:69,0
DA:71,0
DA:79,0
DA:82,0
DA:83,0
DA:85,0
DA:88,0
DA:91,0
DA:95,0
DA:96,0
DA:97,0
DA:98,0
DA:102,0
DA:107,0
DA:108,0
DA:109,0
DA:110,0
DA:113,0
DA:116,0
DA:117,0
DA:120,0
DA:126,0
DA:129,0
DA:130,0
DA:131,0
DA:132,0
DA:136,0
DA:139,0
DA:143,0
DA:144,0
DA:145,0
DA:147,0
DA:148,0
DA:150,0
DA:151,0
DA:156,0
DA:160,0
DA:163,0
DA:166,0
DA:170,0
DA:171,0
DA:172,0
DA:174,0
DA:178,0
DA:179,0
DA:182,0
DA:183,0
DA:187,0
DA:188,0
DA:189,0
DA:192,0
DA:193,0
DA:194,0
DA:197,0
DA:198,0
DA:200,0
DA:201,0
DA:205,0
DA:213,0
DA:214,0
DA:215,0
DA:216,0
DA:217,0
DA:218,0
DA:219,0
DA:225,0
DA:226,0
DA:228,0
DA:230,0
DA:232,0
DA:233,0
DA:236,0
DA:238,0
DA:241,0
DA:242,0
DA:248,0
DA:250,0
DA:254,0
DA:255,0
DA:256,0
DA:257,0
DA:263,0
DA:267,0
DA:268,0
DA:272,0
DA:275,0
DA:279,0
DA:280,0
DA:284,0
DA:285,0
DA:289,0
DA:290,0
DA:291,0
DA:292,0
DA:297,0
DA:298,0
DA:299,0
DA:300,0
DA:305,0
DA:307,0
DA:308,0
DA:309,0
DA:311,0
DA:314,0
DA:318,0
DA:319,0
DA:323,0
DA:324,0
DA:325,0
DA:326,0
DA:331,0
DA:332,0
DA:333,0
DA:334,0
DA:339,0
DA:341,0
DA:342,0
DA:343,0
DA:345,0
DA:348,0
DA:352,0
DA:353,0
DA:354,0
DA:358,0
DA:360,0
DA:362,0
DA:364,0
DA:366,0
DA:367,0
DA:368,0
DA:369,0
DA:370,0
DA:372,0
DA:377,0
DA:380,0
DA:381,0
DA:390,0
DA:391,0
DA:392,0
DA:393,0
DA:396,0
DA:397,0
DA:398,0
DA:401,0
DA:402,0
DA:407,0
DA:411,0
DA:415,0
DA:416,0
DA:420,1
DA:421,3
DA:422,1
DA:423,1
DA:425,1
DA:427,3
DA:431,1
DA:432,3
DA:436,0
DA:437,0
DA:439,0
DA:441,0
DA:445,1
DA:446,3
DA:447,3
DA:448,2
DA:449,3
DA:454,1
DA:455,3
DA:456,0
DA:457,0
DA:458,0
DA:463,1
DA:464,2
DA:465,2
DA:466,3
DA:471,1
DA:472,5
DA:476,0
DA:477,0
DA:483,0
DA:484,0
DA:488,1
DA:489,1
DA:493,0
DA:494,0
DA:495,0
DA:500,0
DA:501,0
DA:505,0
DA:506,0
LF:210
LH:25
end_of_record
SF:lib/bible_reader_core/src/bible_reader_state.dart
DA:26,3
DA:48,1
DA:69,1
DA:70,1
DA:71,1
DA:72,1
DA:73,1
DA:74,1
DA:75,1
DA:76,1
DA:77,1
DA:78,1
DA:79,1
DA:80,1
DA:81,1
DA:83,1
DA:84,1
DA:85,1
DA:86,1
DA:87,1
DA:88,1
DA:89,1
LF:22
LH:22
end_of_record
SF:lib/bible_reader_core/src/bible_version.dart
DA:10,2
DA:20,0
DA:23,0
DA:24,0
DA:25,0
DA:27,0
DA:28,0
LF:7
LH:1
end_of_record
SF:lib/bible_reader_core/src/bible_version_registry.dart
DA:36,0
DA:39,0
DA:40,0
DA:42,0
DA:43,0
DA:44,0
DA:46,0
DA:47,0
DA:48,0
DA:49,0
DA:51,0
DA:62,0
DA:63,0
DA:65,0
DA:66,0
DA:67,0
DA:74,0
DA:76,0
DA:77,0
DA:78,0
DA:86,0
DA:88,0
DA:96,0
DA:97,0
DA:101,0
DA:102,0
LF:26
LH:0
end_of_record
SF:lib/bible_reader_core/src/bible_reading_position_service.dart
DA:12,0
DA:20,0
DA:21,0
DA:22,0
DA:23,0
DA:24,0
DA:25,0
DA:26,0
DA:30,0
DA:31,0
DA:32,0
DA:33,0
DA:34,0
DA:35,0
DA:36,0
DA:37,0
DA:47,0
DA:58,0
DA:59,0
DA:60,0
DA:61,0
DA:62,0
DA:63,0
DA:64,0
DA:65,0
LF:25
LH:0
end_of_record
SF:lib/bible_reader_core/src/bible_preferences_service.dart
DA:9,0
DA:10,0
DA:11,0
DA:15,1
DA:16,1
DA:17,1
DA:22,0
DA:23,0
DA:24,0
DA:25,0
DA:29,0
DA:30,0
DA:31,0
DA:37,0
DA:41,0
DA:42,0
DA:43,0
DA:45,0
DA:47,0
DA:52,0
DA:53,0
DA:54,0
LF:22
LH:3
end_of_record
SF:lib/bible_reader_core/src/bible_reference_parser.dart
DA:5,0
DA:6,0
DA:14,0
DA:21,0
DA:28,0
DA:30,0
DA:31,0
DA:32,0
DA:33,0
DA:36,0
DA:38,0
DA:39,0
DA:44,0
DA:46,0
DA:47,0
DA:48,0
DA:51,0
DA:53,0
DA:54,0
LF:19
LH:0
end_of_record
SF:lib/bible_reader_core/src/bible_text_normalizer.dart
DA:3,0
DA:5,0
DA:6,0
DA:9,0
DA:10,0
DA:13,0
LF:6
LH:0
end_of_record
SF:lib/bible_reader_core/src/bible_verse_formatter.dart
DA:13,0
DA:20,0
DA:21,0
DA:23,0
DA:24,0
DA:25,0
DA:26,0
DA:27,0
DA:28,0
DA:31,0
DA:32,0
DA:33,0
DA:34,0
DA:36,0
DA:37,0
DA:38,0
DA:41,0
DA:42,0
DA:43,0
DA:48,0
LF:20
LH:0
end_of_record
