SF:lib/features/gamification/domain/models/faith_point.dart
DA:11,2
DA:22,2
DA:28,2
DA:32,4
DA:36,4
DA:38,2
DA:41,2
DA:42,2
DA:43,2
DA:44,2
DA:45,2
DA:46,2
DA:47,2
DA:48,4
DA:49,2
DA:53,2
DA:54,2
DA:55,2
DA:56,2
DA:57,2
DA:58,2
DA:59,2
DA:60,4
DA:61,2
LF:24
LH:24
end_of_record
SF:lib/features/gamification/data/faith_points_repository.dart
DA:11,1
DA:14,1
DA:15,2
DA:16,1
DA:18,1
DA:20,3
DA:21,1
DA:23,5
DA:27,1
DA:28,2
DA:29,1
DA:31,4
DA:32,3
DA:35,2
DA:36,2
DA:37,2
DA:38,2
DA:43,1
DA:44,3
DA:48,1
DA:53,1
DA:54,2
DA:55,4
DA:56,1
DA:60,1
DA:61,2
DA:63,2
DA:64,2
DA:65,1
DA:66,2
LF:30
LH:30
end_of_record
SF:lib/features/gamification/data/journey_level_repository.dart
DA:10,1
DA:13,1
DA:14,3
DA:17,1
DA:18,1
DA:22,1
DA:23,2
DA:24,4
DA:28,1
DA:29,1
DA:30,1
DA:35,1
DA:36,2
DA:37,2
DA:38,1
DA:39,2
LF:16
LH:16
end_of_record
SF:lib/features/gamification/domain/models/journey_level.dart
DA:10,1
DA:12,1
DA:14,1
DA:16,1
DA:18,1
DA:20,1
DA:22,1
DA:27,0
DA:29,0
DA:31,0
DA:33,0
DA:35,0
DA:37,0
DA:39,0
DA:45,2
DA:47,2
DA:49,2
DA:51,2
DA:53,2
DA:55,2
DA:57,2
DA:69,2
DA:77,1
DA:78,2
DA:79,3
DA:83,2
DA:84,2
DA:85,1
DA:86,2
DA:87,1
DA:89,2
DA:93,1
DA:94,2
DA:95,3
DA:98,2
DA:102,1
DA:103,1
DA:105,3
DA:109,2
DA:110,4
DA:111,2
DA:113,2
DA:114,2
DA:122,2
DA:123,8
DA:124,6
DA:125,2
DA:131,2
DA:132,2
DA:133,2
DA:134,4
DA:135,2
DA:136,4
DA:140,2
DA:141,2
DA:142,2
DA:143,2
DA:144,8
DA:145,0
DA:147,2
DA:148,4
DA:152,2
DA:153,2
DA:157,2
LF:64
LH:56
end_of_record
SF:lib/features/gamification/domain/services/faith_points_service.dart
DA:13,1
DA:22,1
DA:31,1
DA:34,1
DA:41,1
DA:42,2
DA:48,1
DA:52,2
DA:55,2
DA:56,2
DA:58,1
DA:59,1
DA:60,2
DA:62,2
DA:64,1
DA:66,1
DA:67,1
DA:74,1
DA:75,2
DA:79,1
DA:80,2
DA:81,2
DA:86,1
DA:88,2
DA:89,5
DA:90,2
DA:94,1
DA:95,1
DA:96,4
DA:97,1
DA:99,2
DA:105,4
DA:117,1
LF:33
LH:33
end_of_record
SF:lib/features/habits/domain/habit.dart
DA:25,0
DA:27,0
DA:29,0
DA:31,0
DA:33,0
DA:35,0
DA:37,0
DA:48,0
DA:50,0
DA:52,0
DA:54,0
DA:112,18
DA:148,10
DA:165,10
DA:174,10
DA:178,10
DA:184,2
DA:186,2
DA:187,8
DA:190,2
DA:191,2
DA:192,4
DA:193,4
DA:194,4
DA:197,2
DA:205,2
DA:206,2
DA:207,4
DA:208,4
DA:209,4
DA:211,2
DA:213,2
DA:215,4
DA:224,5
DA:227,6
DA:230,2
DA:236,2
DA:250,0
DA:252,0
DA:253,0
DA:256,0
DA:257,0
DA:258,0
DA:263,0
DA:265,0
DA:273,0
DA:275,0
DA:276,0
DA:279,0
DA:280,0
DA:281,0
DA:286,0
DA:287,0
DA:289,0
DA:299,0
DA:301,0
DA:302,0
DA:305,0
DA:306,0
DA:307,0
DA:308,0
DA:311,0
DA:312,0
DA:313,0
DA:314,0
DA:316,0
DA:325,0
DA:326,0
DA:327,0
DA:330,9
DA:365,9
DA:366,9
DA:367,9
DA:368,9
DA:369,9
DA:370,9
DA:371,9
DA:372,9
DA:373,9
DA:374,9
DA:375,9
DA:376,9
DA:377,9
DA:378,8
DA:379,8
DA:380,8
DA:381,8
DA:382,9
DA:383,9
DA:384,9
DA:385,9
DA:386,9
DA:387,9
DA:388,9
DA:389,9
DA:390,9
DA:391,9
DA:392,9
DA:393,9
DA:394,9
DA:395,6
DA:396,8
DA:397,8
DA:398,9
LF:104
LH:61
end_of_record
SF:lib/features/habits/domain/models/habit_notification.dart
DA:11,0
DA:13,0
DA:15,0
DA:17,0
DA:19,0
DA:21,0
DA:23,0
DA:28,4
DA:30,4
DA:32,4
DA:34,3
DA:36,2
DA:38,2
DA:40,1
DA:51,0
DA:53,0
DA:55,0
DA:57,0
DA:68,3
DA:74,0
DA:79,0
DA:80,0
DA:81,0
DA:82,0
DA:86,2
DA:87,2
DA:88,4
DA:89,2
DA:90,2
DA:94,2
DA:95,2
DA:96,2
DA:97,8
DA:98,0
DA:100,2
DA:101,2
DA:112,2
DA:119,1
DA:125,1
DA:126,0
DA:127,1
DA:128,1
DA:129,1
DA:133,2
DA:134,2
DA:135,2
DA:136,4
DA:137,2
DA:138,4
DA:142,2
DA:143,2
DA:144,2
DA:145,2
DA:146,8
DA:147,0
DA:149,2
DA:150,2
DA:151,4
DA:162,2
DA:168,2
DA:169,2
DA:170,2
DA:171,2
DA:172,0
DA:176,1
DA:177,4
DA:180,1
DA:181,1
DA:182,1
DA:183,1
DA:184,1
LF:71
LH:51
end_of_record
SF:lib/core/services/time/clock.dart
DA:19,0
DA:20,0
DA:26,1
DA:28,12
DA:29,12
DA:36,3
DA:38,2
DA:39,2
DA:59,2
DA:60,2
DA:61,1
DA:62,2
DA:65,2
DA:66,1
DA:67,2
DA:73,2
DA:74,1
DA:75,3
DA:80,1
DA:82,3
DA:85,3
DA:86,2
DA:89,0
DA:93,0
DA:94,0
DA:99,4
DA:100,3
LF:27
LH:22
end_of_record
SF:lib/features/habits/domain/models/verse_reference.dart
DA:16,1
DA:17,1
DA:19,1
DA:22,1
DA:23,1
DA:24,5
DA:26,4
LF:7
LH:7
end_of_record
SF:lib/features/habits/domain/models/verse_reference.g.dart
DA:9,1
DA:10,1
DA:11,1
DA:12,2
DA:13,2
DA:14,1
DA:17,1
DA:19,1
DA:20,1
DA:21,1
DA:22,1
DA:23,1
LF:12
LH:12
end_of_record
SF:lib/features/habits/domain/ml_features_calculator.dart
DA:9,3
DA:10,3
DA:12,2
DA:18,2
DA:19,4
DA:20,2
DA:21,1
DA:26,4
DA:27,4
DA:30,2
DA:31,2
DA:32,2
DA:33,2
DA:39,2
DA:40,4
DA:42,0
DA:43,0
DA:55,3
DA:56,2
DA:57,3
DA:58,3
DA:59,3
DA:60,3
DA:64,3
DA:65,6
DA:66,6
DA:67,6
DA:69,6
DA:72,3
DA:76,3
DA:79,9
DA:82,9
DA:83,3
DA:84,3
DA:85,3
DA:86,3
DA:88,3
DA:89,3
DA:90,3
DA:91,3
DA:92,3
DA:95,3
DA:96,3
DA:107,3
DA:112,3
DA:114,12
DA:115,3
DA:116,6
DA:121,6
DA:122,3
DA:123,3
DA:124,3
DA:125,3
DA:127,3
DA:128,3
DA:130,6
DA:131,3
DA:135,6
LF:58
LH:56
end_of_record
SF:lib/features/habits/presentation/constants/habit_colors.dart
DA:34,0
DA:35,0
DA:36,0
DA:38,0
DA:39,0
DA:43,0
DA:48,0
DA:49,0
DA:50,0
DA:51,0
DA:52,0
DA:53,0
DA:54,0
DA:55,0
DA:56,0
DA:58,0
DA:64,0
DA:66,0
DA:68,0
DA:70,0
DA:72,0
DA:74,0
DA:76,0
DA:84,0
DA:86,0
DA:88,0
DA:90,0
DA:95,0
DA:97,0
DA:99,0
DA:101,0
DA:106,0
DA:108,0
DA:110,0
DA:112,0
LF:35
LH:0
end_of_record
SF:lib/l10n/app_localizations.dart
DA:68,1
DA:69,2
DA:73,0
DA:74,0
DA:2414,1
DA:2416,0
DA:2418,0
DA:2421,0
DA:2423,0
DA:2425,0
DA:2429,0
DA:2431,0
DA:2432,0
DA:2433,0
DA:2434,0
DA:2435,0
DA:2436,0
DA:2437,0
DA:2438,0
DA:2439,0
DA:2440,0
DA:2441,0
DA:2444,0
LF:23
LH:3
end_of_record
SF:lib/features/habits/presentation/widgets/habit_completion_card.dart
DA:15,0
DA:25,0
DA:26,0
DA:34,0
DA:36,0
DA:37,0
DA:38,0
DA:44,0
DA:46,0
DA:47,0
DA:50,0
DA:51,0
DA:52,0
DA:54,0
DA:55,0
DA:56,0
DA:58,0
DA:59,0
DA:60,0
DA:61,0
DA:62,0
DA:63,0
DA:65,0
DA:72,0
DA:74,0
DA:75,0
DA:77,0
DA:79,0
DA:80,0
DA:83,0
DA:85,0
DA:86,0
DA:88,0
DA:89,0
DA:91,0
DA:92,0
DA:93,0
DA:94,0
DA:96,0
DA:98,0
DA:100,0
DA:101,0
DA:103,0
DA:104,0
DA:105,0
DA:110,0
DA:112,0
DA:114,0
DA:118,0
DA:119,0
DA:122,0
DA:123,0
DA:125,0
DA:128,0
DA:130,0
DA:139,0
DA:141,0
DA:144,0
DA:146,0
DA:147,0
DA:148,0
DA:151,0
DA:152,0
DA:154,0
DA:162,0
DA:163,0
DA:167,0
DA:169,0
DA:170,0
DA:173,0
DA:176,0
DA:177,0
DA:178,0
DA:179,0
DA:181,0
DA:194,0
DA:195,0
DA:196,0
DA:200,0
DA:201,0
DA:206,0
DA:209,0
DA:211,0
DA:213,0
DA:217,0
DA:219,0
DA:221,0
DA:222,0
DA:224,0
DA:227,0
DA:235,0
DA:238,0
DA:241,0
DA:243,0
DA:246,0
DA:247,0
DA:249,0
DA:250,0
DA:252,0
DA:253,0
DA:255,0
DA:256,0
DA:260,0
DA:261,0
DA:264,0
DA:265,0
DA:267,0
DA:269,0
DA:270,0
DA:273,0
DA:276,0
DA:280,0
DA:281,0
DA:283,0
DA:285,0
DA:286,0
DA:290,0
DA:293,0
DA:297,0
DA:299,0
DA:301,0
DA:308,0
DA:309,0
DA:334,0
DA:335,0
DA:336,0
DA:337,0
DA:338,0
DA:339,0
DA:340,0
DA:341,0
DA:345,0
DA:346,0
DA:347,0
DA:355,0
DA:356,0
DA:357,0
DA:358,0
DA:359,0
DA:360,0
LF:140
LH:0
end_of_record
SF:lib/l10n/app_localizations_en.dart
DA:9,2
DA:11,0
DA:14,0
DA:17,0
DA:20,0
DA:23,0
DA:26,0
DA:29,0
DA:32,0
DA:35,0
DA:38,0
DA:41,0
DA:43,0
DA:46,0
DA:49,0
DA:52,0
DA:56,0
DA:59,0
DA:62,0
DA:65,0
DA:68,0
DA:71,0
DA:75,0
DA:79,0
DA:82,0
DA:85,0
DA:88,0
DA:91,0
DA:94,0
DA:97,0
DA:100,0
DA:103,0
DA:106,0
DA:109,0
DA:112,0
DA:115,0
DA:118,0
DA:121,0
DA:125,0
DA:128,0
DA:132,0
DA:135,0
DA:139,0
DA:142,0
DA:146,0
DA:149,0
DA:153,0
DA:156,0
DA:160,0
DA:163,0
DA:167,0
DA:170,0
DA:174,0
DA:177,0
DA:181,0
DA:184,0
DA:188,0
DA:191,0
DA:195,0
DA:198,0
DA:202,0
DA:205,0
DA:209,0
DA:212,0
DA:216,0
DA:219,0
DA:222,0
DA:225,0
DA:229,0
DA:232,0
DA:236,0
DA:239,0
DA:243,0
DA:246,0
DA:250,0
DA:253,0
DA:257,0
DA:260,0
DA:264,0
DA:267,0
DA:271,0
DA:275,0
DA:278,0
DA:281,0
DA:284,0
DA:287,0
DA:290,0
DA:293,0
DA:296,0
DA:299,0
DA:302,0
DA:305,0
DA:308,0
DA:311,0
DA:314,0
DA:317,0
DA:320,0
DA:323,0
DA:326,0
DA:329,0
DA:332,0
DA:335,0
DA:339,0
DA:342,0
DA:345,0
DA:347,0
DA:350,0
DA:353,0
DA:356,0
DA:359,0
DA:363,0
DA:366,0
DA:369,0
DA:372,0
DA:376,0
DA:378,0
DA:381,0
DA:384,0
DA:387,0
DA:390,0
DA:392,0
DA:395,0
DA:398,0
DA:400,0
DA:403,0
DA:405,0
DA:408,0
DA:411,0
DA:414,0
DA:417,0
DA:420,0
DA:423,0
DA:426,0
DA:428,0
DA:431,0
DA:433,0
DA:436,1
DA:439,1
DA:442,1
DA:445,1
DA:449,1
DA:452,1
DA:455,1
DA:458,1
DA:461,1
DA:464,1
DA:467,1
DA:470,1
DA:474,1
DA:477,1
DA:480,1
DA:483,1
DA:486,1
DA:488,1
DA:491,1
DA:493,1
DA:496,1
DA:499,1
DA:502,1
DA:504,1
DA:507,1
DA:509,1
DA:512,1
DA:515,1
DA:518,1
DA:522,1
DA:526,1
DA:529,1
DA:532,1
DA:534,1
DA:537,1
DA:540,0
DA:543,0
DA:547,0
DA:550,0
DA:554,0
DA:557,0
DA:560,0
DA:563,0
DA:566,0
DA:570,0
DA:573,0
DA:576,0
DA:579,0
DA:583,0
DA:586,0
DA:589,0
DA:591,0
DA:594,0
DA:597,0
DA:600,0
DA:603,0
DA:606,0
DA:609,0
DA:612,0
DA:615,0
DA:618,0
DA:621,0
DA:624,0
DA:628,0
DA:630,0
DA:633,0
DA:635,0
DA:638,0
DA:642,0
DA:646,0
DA:649,0
DA:653,0
DA:657,0
DA:661,0
DA:665,0
DA:667,0
DA:670,0
DA:673,0
DA:676,0
DA:679,0
DA:682,0
DA:684,0
DA:687,0
DA:689,0
DA:692,0
DA:694,0
DA:697,0
DA:699,0
DA:702,0
DA:705,0
DA:708,0
DA:711,0
DA:714,0
DA:717,0
DA:720,0
DA:723,0
DA:726,0
DA:729,0
DA:732,0
DA:735,0
DA:738,0
DA:741,0
DA:744,0
DA:747,0
DA:751,0
DA:754,0
DA:757,0
DA:760,0
DA:763,0
DA:766,0
DA:768,0
DA:771,0
DA:774,0
DA:777,0
DA:780,0
DA:783,0
DA:785,0
DA:788,0
DA:791,0
DA:794,0
DA:797,0
DA:799,0
DA:801,0
DA:802,0
DA:805,0
DA:808,0
DA:811,0
DA:814,0
DA:817,0
DA:820,0
DA:823,0
DA:826,0
DA:829,0
DA:832,0
DA:835,0
DA:838,0
DA:841,0
DA:844,0
DA:847,0
DA:850,0
DA:853,0
DA:856,0
DA:859,0
DA:862,0
DA:865,0
DA:868,0
DA:870,0
DA:873,0
DA:875,0
DA:878,0
DA:880,0
DA:883,0
DA:886,0
DA:889,0
DA:892,0
DA:895,0
DA:898,0
DA:901,0
DA:904,0
DA:907,0
DA:910,0
DA:913,0
DA:917,0
DA:920,0
DA:923,0
DA:926,0
DA:929,0
DA:932,0
DA:935,0
DA:938,0
DA:941,0
DA:944,0
DA:947,0
DA:950,0
DA:953,0
DA:956,0
DA:959,0
DA:962,0
DA:965,0
DA:968,0
DA:971,0
DA:974,0
DA:977,0
DA:980,0
DA:983,0
DA:986,0
DA:989,0
DA:992,0
DA:995,0
DA:998,0
DA:1001,0
DA:1004,0
DA:1007,0
DA:1010,0
DA:1013,0
DA:1016,0
DA:1019,0
DA:1022,0
DA:1025,0
DA:1028,0
DA:1031,0
DA:1034,0
DA:1037,0
DA:1040,0
DA:1043,0
DA:1046,0
DA:1049,0
DA:1052,0
DA:1055,0
DA:1058,0
DA:1061,0
DA:1064,0
DA:1067,0
DA:1070,0
DA:1073,0
DA:1076,0
DA:1079,0
DA:1083,0
DA:1086,0
DA:1090,0
DA:1094,0
DA:1097,0
DA:1100,0
DA:1103,0
DA:1106,0
DA:1109,0
DA:1112,0
DA:1115,0
DA:1118,0
DA:1121,0
DA:1124,0
DA:1127,0
DA:1130,0
DA:1133,0
DA:1136,0
DA:1139,0
DA:1142,0
DA:1145,0
DA:1148,0
DA:1151,0
DA:1154,0
DA:1157,0
DA:1161,0
DA:1164,0
DA:1167,0
DA:1171,0
DA:1174,0
DA:1177,0
DA:1180,0
DA:1183,0
DA:1186,0
DA:1189,0
DA:1192,0
DA:1195,0
DA:1198,0
DA:1202,0
DA:1205,0
DA:1209,0
DA:1212,0
DA:1215,0
DA:1219,0
DA:1222,0
DA:1226,0
DA:1229,0
DA:1233,0
DA:1236,0
DA:1240,0
DA:1243,0
DA:1247,0
DA:1250,0
DA:1253,0
DA:1257,0
DA:1260,0
DA:1264,0
DA:1267,0
DA:1270,0
DA:1273,0
DA:1276,0
DA:1279,0
LF:415
LH:36
end_of_record
SF:lib/l10n/app_localizations_es.dart
DA:9,2
DA:11,0
DA:14,0
DA:17,0
DA:20,0
DA:23,0
DA:26,0
DA:29,0
DA:32,0
DA:35,0
DA:38,0
DA:41,0
DA:43,0
DA:46,0
DA:49,0
DA:52,0
DA:56,0
DA:59,0
DA:62,0
DA:65,0
DA:68,0
DA:71,0
DA:75,0
DA:79,0
DA:82,0
DA:85,0
DA:88,0
DA:91,0
DA:94,0
DA:97,0
DA:100,0
DA:103,0
DA:106,0
DA:109,0
DA:112,0
DA:115,0
DA:118,0
DA:121,0
DA:125,0
DA:128,0
DA:132,0
DA:135,0
DA:139,0
DA:142,0
DA:146,0
DA:149,0
DA:153,0
DA:156,0
DA:160,0
DA:163,0
DA:167,0
DA:170,0
DA:174,0
DA:177,0
DA:181,0
DA:184,0
DA:188,0
DA:191,0
DA:195,0
DA:198,0
DA:202,0
DA:205,0
DA:209,0
DA:212,0
DA:216,0
DA:219,0
DA:222,0
DA:225,0
DA:229,0
DA:232,0
DA:236,0
DA:239,0
DA:243,0
DA:246,0
DA:250,0
DA:253,0
DA:257,0
DA:260,0
DA:264,0
DA:267,0
DA:271,0
DA:275,0
DA:278,0
DA:281,0
DA:284,0
DA:287,0
DA:290,0
DA:293,0
DA:296,0
DA:299,0
DA:302,0
DA:305,0
DA:308,0
DA:311,0
DA:314,0
DA:317,0
DA:320,0
DA:323,0
DA:326,0
DA:329,0
DA:332,0
DA:335,0
DA:339,0
DA:342,0
DA:345,0
DA:347,0
DA:350,0
DA:353,0
DA:356,0
DA:359,0
DA:363,0
DA:366,0
DA:369,0
DA:372,0
DA:376,0
DA:378,0
DA:381,0
DA:384,0
DA:387,0
DA:390,0
DA:392,0
DA:395,0
DA:398,0
DA:400,0
DA:403,0
DA:405,0
DA:408,0
DA:411,0
DA:414,0
DA:417,0
DA:420,0
DA:423,0
DA:426,0
DA:428,0
DA:431,0
DA:433,0
DA:436,1
DA:439,1
DA:442,1
DA:445,1
DA:449,1
DA:452,1
DA:455,1
DA:458,1
DA:461,1
DA:464,1
DA:467,1
DA:470,1
DA:474,1
DA:477,1
DA:481,1
DA:484,1
DA:487,1
DA:489,1
DA:492,1
DA:494,1
DA:497,1
DA:500,1
DA:503,1
DA:505,1
DA:508,1
DA:510,1
DA:513,1
DA:517,1
DA:521,1
DA:525,1
DA:529,1
DA:533,1
DA:536,1
DA:538,1
DA:541,1
DA:544,0
DA:547,0
DA:551,0
DA:554,0
DA:558,0
DA:561,0
DA:564,0
DA:567,0
DA:570,0
DA:574,0
DA:577,0
DA:580,0
DA:583,0
DA:587,0
DA:590,0
DA:593,0
DA:595,0
DA:598,0
DA:601,0
DA:604,0
DA:607,0
DA:610,0
DA:613,0
DA:616,0
DA:619,0
DA:622,0
DA:625,0
DA:628,0
DA:632,0
DA:634,0
DA:637,0
DA:639,0
DA:642,0
DA:646,0
DA:650,0
DA:653,0
DA:657,0
DA:661,0
DA:665,0
DA:669,0
DA:671,0
DA:674,0
DA:678,0
DA:682,0
DA:686,0
DA:689,0
DA:691,0
DA:694,0
DA:696,0
DA:699,0
DA:701,0
DA:704,0
DA:706,0
DA:709,0
DA:712,0
DA:715,0
DA:718,0
DA:721,0
DA:724,0
DA:727,0
DA:730,0
DA:733,0
DA:736,0
DA:739,0
DA:742,0
DA:745,0
DA:748,0
DA:751,0
DA:754,0
DA:758,0
DA:761,0
DA:764,0
DA:767,0
DA:770,0
DA:773,0
DA:775,0
DA:778,0
DA:781,0
DA:784,0
DA:787,0
DA:790,0
DA:792,0
DA:795,0
DA:798,0
DA:801,0
DA:804,0
DA:806,0
DA:808,0
DA:809,0
DA:812,0
DA:815,0
DA:818,0
DA:821,0
DA:824,0
DA:827,0
DA:830,0
DA:833,0
DA:836,0
DA:839,0
DA:842,0
DA:845,0
DA:848,0
DA:851,0
DA:854,0
DA:857,0
DA:860,0
DA:863,0
DA:866,0
DA:869,0
DA:872,0
DA:875,0
DA:877,0
DA:880,0
DA:882,0
DA:885,0
DA:887,0
DA:890,0
DA:893,0
DA:896,0
DA:899,0
DA:902,0
DA:905,0
DA:908,0
DA:911,0
DA:914,0
DA:917,0
DA:920,0
DA:924,0
DA:927,0
DA:930,0
DA:933,0
DA:936,0
DA:939,0
DA:942,0
DA:945,0
DA:948,0
DA:951,0
DA:954,0
DA:957,0
DA:960,0
DA:963,0
DA:966,0
DA:969,0
DA:972,0
DA:975,0
DA:978,0
DA:981,0
DA:984,0
DA:987,0
DA:990,0
DA:993,0
DA:996,0
DA:999,0
DA:1002,0
DA:1005,0
DA:1008,0
DA:1011,0
DA:1014,0
DA:1017,0
DA:1020,0
DA:1023,0
DA:1026,0
DA:1029,0
DA:1032,0
DA:1035,0
DA:1038,0
DA:1041,0
DA:1044,0
DA:1047,0
DA:1050,0
DA:1053,0
DA:1056,0
DA:1059,0
DA:1062,0
DA:1065,0
DA:1068,0
DA:1071,0
DA:1074,0
DA:1077,0
DA:1080,0
DA:1083,0
DA:1086,0
DA:1090,0
DA:1093,0
DA:1097,0
DA:1101,0
DA:1104,0
DA:1107,0
DA:1110,0
DA:1113,0
DA:1116,0
DA:1119,0
DA:1122,0
DA:1125,0
DA:1128,0
DA:1131,0
DA:1134,0
DA:1137,0
DA:1140,0
DA:1143,0
DA:1146,0
DA:1150,0
DA:1154,0
DA:1157,0
DA:1160,0
DA:1163,0
DA:1166,0
DA:1170,0
DA:1173,0
DA:1176,0
DA:1180,0
DA:1183,0
DA:1186,0
DA:1189,0
DA:1192,0
DA:1195,0
DA:1198,0
DA:1201,0
DA:1204,0
DA:1207,0
DA:1211,0
DA:1214,0
DA:1218,0
DA:1221,0
DA:1224,0
DA:1228,0
DA:1231,0
DA:1235,0
DA:1238,0
DA:1242,0
DA:1245,0
DA:1249,0
DA:1252,0
DA:1256,0
DA:1259,0
DA:1262,0
DA:1265,0
DA:1268,0
DA:1272,0
DA:1275,0
DA:1278,0
DA:1281,0
DA:1284,0
DA:1287,0
LF:415
LH:36
end_of_record
SF:lib/l10n/app_localizations_fr.dart
DA:9,2
DA:11,0
DA:14,0
DA:17,0
DA:20,0
DA:23,0
DA:26,0
DA:29,0
DA:32,0
DA:35,0
DA:38,0
DA:41,0
DA:43,0
DA:46,0
DA:49,0
DA:52,0
DA:56,0
DA:59,0
DA:62,0
DA:65,0
DA:68,0
DA:71,0
DA:75,0
DA:79,0
DA:82,0
DA:85,0
DA:88,0
DA:91,0
DA:94,0
DA:97,0
DA:100,0
DA:103,0
DA:106,0
DA:109,0
DA:112,0
DA:115,0
DA:118,0
DA:121,0
DA:125,0
DA:128,0
DA:132,0
DA:135,0
DA:139,0
DA:142,0
DA:146,0
DA:149,0
DA:153,0
DA:156,0
DA:160,0
DA:163,0
DA:167,0
DA:170,0
DA:174,0
DA:177,0
DA:181,0
DA:184,0
DA:188,0
DA:191,0
DA:195,0
DA:198,0
DA:202,0
DA:205,0
DA:209,0
DA:212,0
DA:216,0
DA:219,0
DA:223,0
DA:226,0
DA:230,0
DA:233,0
DA:237,0
DA:240,0
DA:244,0
DA:247,0
DA:251,0
DA:254,0
DA:258,0
DA:261,0
DA:265,0
DA:268,0
DA:272,0
DA:276,0
DA:279,0
DA:282,0
DA:285,0
DA:288,0
DA:291,0
DA:294,0
DA:297,0
DA:300,0
DA:303,0
DA:306,0
DA:309,0
DA:312,0
DA:315,0
DA:318,0
DA:321,0
DA:324,0
DA:327,0
DA:330,0
DA:333,0
DA:336,0
DA:340,0
DA:343,0
DA:346,0
DA:348,0
DA:351,0
DA:354,0
DA:357,0
DA:360,0
DA:364,0
DA:367,0
DA:370,0
DA:373,0
DA:377,0
DA:379,0
DA:382,0
DA:385,0
DA:388,0
DA:392,0
DA:394,0
DA:397,0
DA:400,0
DA:402,0
DA:405,0
DA:407,0
DA:410,0
DA:413,0
DA:416,0
DA:419,0
DA:422,0
DA:425,0
DA:428,0
DA:430,0
DA:433,0
DA:435,0
DA:438,1
DA:441,1
DA:444,1
DA:447,1
DA:451,1
DA:454,1
DA:457,1
DA:460,1
DA:463,1
DA:466,1
DA:469,1
DA:472,1
DA:476,1
DA:479,1
DA:483,1
DA:486,1
DA:489,1
DA:491,1
DA:494,1
DA:496,1
DA:499,1
DA:502,1
DA:505,1
DA:507,1
DA:510,1
DA:512,1
DA:515,1
DA:519,1
DA:523,1
DA:527,1
DA:531,1
DA:535,1
DA:538,1
DA:540,1
DA:543,1
DA:546,0
DA:549,0
DA:553,0
DA:556,0
DA:560,0
DA:563,0
DA:566,0
DA:569,0
DA:572,0
DA:576,0
DA:579,0
DA:582,0
DA:585,0
DA:589,0
DA:592,0
DA:595,0
DA:597,0
DA:600,0
DA:603,0
DA:606,0
DA:609,0
DA:612,0
DA:615,0
DA:618,0
DA:621,0
DA:624,0
DA:627,0
DA:631,0
DA:635,0
DA:637,0
DA:640,0
DA:642,0
DA:645,0
DA:649,0
DA:653,0
DA:656,0
DA:660,0
DA:664,0
DA:668,0
DA:672,0
DA:674,0
DA:677,0
DA:681,0
DA:685,0
DA:689,0
DA:692,0
DA:694,0
DA:697,0
DA:699,0
DA:702,0
DA:704,0
DA:707,0
DA:709,0
DA:712,0
DA:715,0
DA:718,0
DA:721,0
DA:724,0
DA:727,0
DA:730,0
DA:733,0
DA:736,0
DA:739,0
DA:742,0
DA:746,0
DA:749,0
DA:752,0
DA:755,0
DA:758,0
DA:762,0
DA:765,0
DA:768,0
DA:771,0
DA:774,0
DA:777,0
DA:779,0
DA:782,0
DA:786,0
DA:789,0
DA:792,0
DA:796,0
DA:798,0
DA:801,0
DA:804,0
DA:807,0
DA:810,0
DA:812,0
DA:814,0
DA:815,0
DA:818,0
DA:821,0
DA:824,0
DA:827,0
DA:831,0
DA:834,0
DA:838,0
DA:841,0
DA:844,0
DA:847,0
DA:850,0
DA:853,0
DA:856,0
DA:859,0
DA:862,0
DA:865,0
DA:868,0
DA:871,0
DA:874,0
DA:877,0
DA:880,0
DA:883,0
DA:885,0
DA:888,0
DA:890,0
DA:893,0
DA:895,0
DA:898,0
DA:901,0
DA:904,0
DA:907,0
DA:910,0
DA:914,0
DA:917,0
DA:920,0
DA:923,0
DA:926,0
DA:929,0
DA:933,0
DA:936,0
DA:939,0
DA:942,0
DA:945,0
DA:948,0
DA:951,0
DA:954,0
DA:957,0
DA:960,0
DA:963,0
DA:966,0
DA:969,0
DA:972,0
DA:975,0
DA:978,0
DA:981,0
DA:984,0
DA:987,0
DA:990,0
DA:993,0
DA:996,0
DA:999,0
DA:1002,0
DA:1005,0
DA:1008,0
DA:1011,0
DA:1014,0
DA:1017,0
DA:1020,0
DA:1023,0
DA:1026,0
DA:1029,0
DA:1032,0
DA:1035,0
DA:1038,0
DA:1041,0
DA:1044,0
DA:1047,0
DA:1050,0
DA:1053,0
DA:1056,0
DA:1059,0
DA:1062,0
DA:1065,0
DA:1068,0
DA:1071,0
DA:1074,0
DA:1077,0
DA:1080,0
DA:1083,0
DA:1086,0
DA:1089,0
DA:1092,0
DA:1095,0
DA:1099,0
DA:1102,0
DA:1106,0
DA:1110,0
DA:1113,0
DA:1116,0
DA:1119,0
DA:1122,0
DA:1125,0
DA:1128,0
DA:1131,0
DA:1135,0
DA:1138,0
DA:1141,0
DA:1144,0
DA:1147,0
DA:1150,0
DA:1154,0
DA:1157,0
DA:1161,0
DA:1165,0
DA:1168,0
DA:1171,0
DA:1175,0
DA:1178,0
DA:1182,0
DA:1185,0
DA:1188,0
DA:1192,0
DA:1195,0
DA:1198,0
DA:1201,0
DA:1204,0
DA:1207,0
DA:1210,0
DA:1213,0
DA:1216,0
DA:1220,0
DA:1224,0
DA:1227,0
DA:1231,0
DA:1234,0
DA:1237,0
DA:1241,0
DA:1244,0
DA:1248,0
DA:1251,0
DA:1255,0
DA:1258,0
DA:1262,0
DA:1265,0
DA:1269,0
DA:1272,0
DA:1275,0
DA:1279,0
DA:1282,0
DA:1286,0
DA:1289,0
DA:1292,0
DA:1295,0
DA:1298,0
DA:1301,0
LF:415
LH:36
end_of_record
SF:lib/l10n/app_localizations_pt.dart
DA:9,2
DA:11,0
DA:14,0
DA:17,0
DA:20,0
DA:23,0
DA:26,0
DA:29,0
DA:32,0
DA:35,0
DA:38,0
DA:41,0
DA:43,0
DA:46,0
DA:49,0
DA:52,0
DA:56,0
DA:59,0
DA:62,0
DA:65,0
DA:68,0
DA:71,0
DA:75,0
DA:79,0
DA:82,0
DA:85,0
DA:88,0
DA:91,0
DA:94,0
DA:97,0
DA:100,0
DA:103,0
DA:106,0
DA:109,0
DA:112,0
DA:115,0
DA:118,0
DA:121,0
DA:125,0
DA:128,0
DA:132,0
DA:135,0
DA:139,0
DA:142,0
DA:146,0
DA:149,0
DA:153,0
DA:156,0
DA:160,0
DA:163,0
DA:166,0
DA:169,0
DA:173,0
DA:176,0
DA:180,0
DA:183,0
DA:187,0
DA:190,0
DA:194,0
DA:197,0
DA:201,0
DA:204,0
DA:208,0
DA:211,0
DA:215,0
DA:218,0
DA:221,0
DA:224,0
DA:228,0
DA:231,0
DA:235,0
DA:238,0
DA:242,0
DA:245,0
DA:249,0
DA:252,0
DA:256,0
DA:259,0
DA:263,0
DA:267,0
DA:271,0
DA:275,0
DA:278,0
DA:281,0
DA:284,0
DA:287,0
DA:290,0
DA:293,0
DA:296,0
DA:299,0
DA:302,0
DA:305,0
DA:308,0
DA:311,0
DA:314,0
DA:317,0
DA:320,0
DA:323,0
DA:326,0
DA:329,0
DA:332,0
DA:335,0
DA:339,0
DA:342,0
DA:345,0
DA:347,0
DA:350,0
DA:353,0
DA:356,0
DA:359,0
DA:363,0
DA:366,0
DA:369,0
DA:372,0
DA:376,0
DA:378,0
DA:381,0
DA:384,0
DA:387,0
DA:390,0
DA:392,0
DA:395,0
DA:398,0
DA:400,0
DA:403,0
DA:405,0
DA:408,0
DA:411,0
DA:414,0
DA:417,0
DA:420,0
DA:423,0
DA:426,0
DA:428,0
DA:431,0
DA:433,0
DA:436,1
DA:439,1
DA:442,1
DA:445,1
DA:449,1
DA:452,1
DA:455,1
DA:458,1
DA:461,1
DA:464,1
DA:467,1
DA:470,1
DA:474,1
DA:477,1
DA:481,1
DA:484,1
DA:487,1
DA:489,1
DA:492,1
DA:494,1
DA:497,1
DA:500,1
DA:503,1
DA:505,1
DA:508,1
DA:510,1
DA:513,1
DA:517,1
DA:521,1
DA:525,1
DA:529,1
DA:533,1
DA:536,1
DA:538,1
DA:541,1
DA:544,0
DA:547,0
DA:551,0
DA:554,0
DA:558,0
DA:561,0
DA:564,0
DA:567,0
DA:570,0
DA:574,0
DA:577,0
DA:580,0
DA:583,0
DA:587,0
DA:590,0
DA:593,0
DA:595,0
DA:598,0
DA:601,0
DA:604,0
DA:607,0
DA:610,0
DA:613,0
DA:616,0
DA:619,0
DA:622,0
DA:625,0
DA:629,0
DA:633,0
DA:635,0
DA:638,0
DA:640,0
DA:643,0
DA:647,0
DA:651,0
DA:654,0
DA:658,0
DA:662,0
DA:666,0
DA:670,0
DA:675,0
DA:679,0
DA:683,0
DA:686,0
DA:690,0
DA:695,0
DA:700,0
DA:705,0
DA:710,0
DA:713,0
DA:716,0
DA:719,0
DA:722,0
DA:725,0
DA:728,0
DA:731,0
DA:734,0
DA:737,0
DA:740,0
DA:743,0
DA:746,0
DA:749,0
DA:752,0
DA:755,0
DA:759,0
DA:762,0
DA:765,0
DA:768,0
DA:771,0
DA:774,0
DA:776,0
DA:779,0
DA:782,0
DA:785,0
DA:788,0
DA:792,0
DA:794,0
DA:797,0
DA:800,0
DA:804,0
DA:807,0
DA:809,0
DA:812,0
DA:815,0
DA:818,0
DA:821,0
DA:824,0
DA:827,0
DA:830,0
DA:833,0
DA:836,0
DA:839,0
DA:842,0
DA:845,0
DA:848,0
DA:851,0
DA:854,0
DA:857,0
DA:860,0
DA:863,0
DA:866,0
DA:869,0
DA:872,0
DA:874,0
DA:877,0
DA:879,0
DA:882,0
DA:884,0
DA:887,0
DA:890,0
DA:893,0
DA:896,0
DA:899,0
DA:902,0
DA:905,0
DA:908,0
DA:911,0
DA:914,0
DA:917,0
DA:921,0
DA:924,0
DA:927,0
DA:930,0
DA:933,0
DA:936,0
DA:939,0
DA:942,0
DA:945,0
DA:948,0
DA:951,0
DA:954,0
DA:957,0
DA:960,0
DA:963,0
DA:966,0
DA:969,0
DA:972,0
DA:975,0
DA:978,0
DA:981,0
DA:984,0
DA:987,0
DA:990,0
DA:993,0
DA:996,0
DA:999,0
DA:1002,0
DA:1005,0
DA:1008,0
DA:1011,0
DA:1014,0
DA:1017,0
DA:1020,0
DA:1023,0
DA:1026,0
DA:1029,0
DA:1032,0
DA:1035,0
DA:1038,0
DA:1041,0
DA:1044,0
DA:1047,0
DA:1050,0
DA:1053,0
DA:1056,0
DA:1059,0
DA:1062,0
DA:1065,0
DA:1068,0
DA:1071,0
DA:1074,0
DA:1077,0
DA:1080,0
DA:1083,0
DA:1087,0
DA:1090,0
DA:1093,0
DA:1097,0
DA:1100,0
DA:1103,0
DA:1106,0
DA:1109,0
DA:1112,0
DA:1115,0
DA:1118,0
DA:1121,0
DA:1124,0
DA:1127,0
DA:1130,0
DA:1133,0
DA:1136,0
DA:1139,0
DA:1142,0
DA:1146,0
DA:1150,0
DA:1153,0
DA:1156,0
DA:1160,0
DA:1163,0
DA:1167,0
DA:1170,0
DA:1173,0
DA:1177,0
DA:1180,0
DA:1183,0
DA:1186,0
DA:1189,0
DA:1192,0
DA:1195,0
DA:1198,0
DA:1201,0
DA:1204,0
DA:1208,0
DA:1211,0
DA:1215,0
DA:1218,0
DA:1221,0
DA:1225,0
DA:1228,0
DA:1232,0
DA:1235,0
DA:1239,0
DA:1242,0
DA:1246,0
DA:1249,0
DA:1253,0
DA:1256,0
DA:1259,0
DA:1263,0
DA:1266,0
DA:1270,0
DA:1273,0
DA:1276,0
DA:1279,0
DA:1282,0
DA:1285,0
LF:407
LH:36
end_of_record
SF:lib/l10n/app_localizations_zh.dart
DA:9,2
DA:11,0
DA:14,0
DA:17,0
DA:20,0
DA:23,0
DA:26,0
DA:29,0
DA:32,0
DA:35,0
DA:38,0
DA:41,0
DA:43,0
DA:46,0
DA:49,0
DA:52,0
DA:55,0
DA:58,0
DA:61,0
DA:64,0
DA:67,0
DA:70,0
DA:73,0
DA:76,0
DA:79,0
DA:82,0
DA:85,0
DA:88,0
DA:91,0
DA:94,0
DA:97,0
DA:100,0
DA:103,0
DA:106,0
DA:109,0
DA:112,0
DA:115,0
DA:118,0
DA:121,0
DA:124,0
DA:127,0
DA:130,0
DA:133,0
DA:136,0
DA:139,0
DA:142,0
DA:145,0
DA:148,0
DA:151,0
DA:154,0
DA:157,0
DA:160,0
DA:163,0
DA:166,0
DA:169,0
DA:172,0
DA:175,0
DA:178,0
DA:181,0
DA:184,0
DA:187,0
DA:190,0
DA:193,0
DA:196,0
DA:199,0
DA:202,0
DA:205,0
DA:208,0
DA:211,0
DA:214,0
DA:217,0
DA:220,0
DA:223,0
DA:226,0
DA:229,0
DA:232,0
DA:235,0
DA:238,0
DA:241,0
DA:244,0
DA:247,0
DA:250,0
DA:253,0
DA:256,0
DA:259,0
DA:262,0
DA:265,0
DA:268,0
DA:271,0
DA:274,0
DA:277,0
DA:280,0
DA:283,0
DA:286,0
DA:289,0
DA:292,0
DA:295,0
DA:298,0
DA:301,0
DA:304,0
DA:307,0
DA:310,0
DA:313,0
DA:316,0
DA:319,0
DA:321,0
DA:324,0
DA:327,0
DA:330,0
DA:333,0
DA:336,0
DA:339,0
DA:342,0
DA:345,0
DA:348,0
DA:350,0
DA:353,0
DA:356,0
DA:359,0
DA:362,0
DA:364,0
DA:367,0
DA:370,0
DA:372,0
DA:375,0
DA:377,0
DA:380,0
DA:383,0
DA:386,0
DA:389,0
DA:392,0
DA:395,0
DA:398,0
DA:400,0
DA:403,0
DA:405,0
DA:408,1
DA:411,1
DA:414,1
DA:417,1
DA:420,1
DA:423,1
DA:426,1
DA:429,1
DA:432,1
DA:435,1
DA:438,1
DA:441,1
DA:444,1
DA:447,1
DA:450,1
DA:453,1
DA:456,1
DA:458,1
DA:461,1
DA:463,1
DA:466,1
DA:469,1
DA:472,1
DA:474,1
DA:477,1
DA:479,1
DA:482,1
DA:485,1
DA:488,1
DA:491,1
DA:494,1
DA:497,1
DA:500,1
DA:502,1
DA:505,1
DA:508,0
DA:511,0
DA:514,0
DA:517,0
DA:520,0
DA:523,0
DA:526,0
DA:529,0
DA:532,0
DA:535,0
DA:538,0
DA:541,0
DA:544,0
DA:547,0
DA:550,0
DA:553,0
DA:555,0
DA:558,0
DA:561,0
DA:564,0
DA:567,0
DA:570,0
DA:573,0
DA:576,0
DA:579,0
DA:582,0
DA:585,0
DA:588,0
DA:591,0
DA:593,0
DA:596,0
DA:598,0
DA:601,0
DA:604,0
DA:607,0
DA:610,0
DA:613,0
DA:616,0
DA:619,0
DA:622,0
DA:624,0
DA:627,0
DA:630,0
DA:633,0
DA:636,0
DA:639,0
DA:641,0
DA:644,0
DA:646,0
DA:649,0
DA:651,0
DA:654,0
DA:656,0
DA:659,0
DA:662,0
DA:665,0
DA:668,0
DA:671,0
DA:674,0
DA:677,0
DA:680,0
DA:683,0
DA:686,0
DA:689,0
DA:692,0
DA:695,0
DA:698,0
DA:701,0
DA:704,0
DA:707,0
DA:710,0
DA:713,0
DA:716,0
DA:719,0
DA:722,0
DA:724,0
DA:727,0
DA:730,0
DA:733,0
DA:736,0
DA:739,0
DA:741,0
DA:744,0
DA:747,0
DA:750,0
DA:753,0
DA:755,0
DA:758,0
DA:761,0
DA:764,0
DA:767,0
DA:770,0
DA:773,0
DA:776,0
DA:779,0
DA:782,0
DA:785,0
DA:788,0
DA:791,0
DA:794,0
DA:797,0
DA:800,0
DA:803,0
DA:806,0
DA:809,0
DA:812,0
DA:815,0
DA:818,0
DA:820,0
DA:823,0
DA:825,0
DA:828,0
DA:830,0
DA:833,0
DA:836,0
DA:839,0
DA:842,0
DA:845,0
DA:848,0
DA:851,0
DA:854,0
DA:857,0
DA:860,0
DA:863,0
DA:866,0
DA:869,0
DA:872,0
DA:875,0
DA:878,0
DA:881,0
DA:884,0
DA:887,0
DA:890,0
DA:893,0
DA:896,0
DA:899,0
DA:902,0
DA:905,0
DA:908,0
DA:911,0
DA:914,0
DA:917,0
DA:920,0
DA:923,0
DA:926,0
DA:929,0
DA:932,0
DA:935,0
DA:938,0
DA:941,0
DA:944,0
DA:947,0
DA:950,0
DA:953,0
DA:956,0
DA:959,0
DA:962,0
DA:965,0
DA:968,0
DA:971,0
DA:974,0
DA:977,0
DA:980,0
DA:983,0
DA:986,0
DA:989,0
DA:992,0
DA:995,0
DA:998,0
DA:1001,0
DA:1004,0
DA:1007,0
DA:1010,0
DA:1013,0
DA:1016,0
DA:1019,0
DA:1022,0
DA:1025,0
DA:1028,0
DA:1031,0
DA:1034,0
DA:1037,0
DA:1040,0
DA:1043,0
DA:1046,0
DA:1049,0
DA:1052,0
DA:1055,0
DA:1058,0
DA:1061,0
DA:1064,0
DA:1067,0
DA:1070,0
DA:1073,0
DA:1076,0
DA:1079,0
DA:1082,0
DA:1085,0
DA:1088,0
DA:1091,0
DA:1094,0
DA:1097,0
DA:1100,0
DA:1103,0
DA:1106,0
DA:1109,0
DA:1112,0
DA:1115,0
DA:1118,0
DA:1121,0
DA:1124,0
DA:1127,0
DA:1130,0
DA:1133,0
DA:1136,0
DA:1139,0
DA:1142,0
DA:1146,0
DA:1149,0
DA:1152,0
DA:1155,0
DA:1158,0
DA:1161,0
DA:1164,0
DA:1167,0
DA:1170,0
DA:1173,0
DA:1176,0
DA:1179,0
DA:1182,0
DA:1185,0
DA:1188,0
DA:1191,0
DA:1194,0
DA:1197,0
DA:1200,0
DA:1203,0
DA:1206,0
DA:1209,0
DA:1212,0
DA:1215,0
LF:412
LH:36
end_of_record
SF:lib/features/habits/presentation/widgets/abandonment_risk_indicator.dart
DA:12,1
DA:14,1
DA:16,2
DA:20,1
DA:23,1
DA:24,1
DA:25,1
DA:29,1
DA:32,1
LF:9
LH:9
end_of_record
SF:lib/features/habits/domain/models/risk_level.dart
DA:7,1
DA:9,1
DA:11,1
DA:13,1
DA:18,1
DA:20,1
DA:22,1
DA:24,1
DA:39,2
DA:40,2
DA:41,2
DA:46,1
DA:47,1
LF:13
LH:13
end_of_record
SF:lib/core/services/ai/behavioral_engine.dart
DA:11,1
DA:27,1
DA:29,2
DA:30,2
DA:31,2
DA:35,2
DA:36,2
DA:37,2
DA:41,1
DA:46,1
DA:48,3
DA:54,6
DA:57,1
DA:63,1
DA:68,1
DA:70,3
DA:71,1
DA:75,5
DA:78,1
DA:79,2
DA:80,3
DA:84,2
DA:85,5
DA:87,5
DA:92,1
DA:94,2
DA:99,2
DA:104,2
DA:105,1
DA:108,3
DA:109,4
DA:110,1
DA:111,1
DA:112,1
DA:113,1
DA:115,4
DA:116,2
DA:117,2
DA:118,1
DA:121,1
DA:126,1
DA:127,2
DA:128,1
DA:129,3
DA:133,2
DA:134,3
DA:136,2
DA:137,3
DA:142,1
DA:148,6
DA:150,6
DA:152,1
DA:153,1
DA:154,2
DA:163,1
DA:164,1
DA:168,1
DA:169,2
DA:170,3
DA:177,2
DA:178,2
DA:179,1
DA:180,1
LF:63
LH:63
end_of_record
SF:lib/core/services/ml/abandonment_predictor.dart
DA:50,4
DA:57,1
DA:58,1
DA:63,2
DA:66,3
DA:69,2
DA:72,4
DA:73,2
DA:74,2
DA:75,2
DA:76,2
DA:77,4
DA:78,0
DA:83,4
DA:84,4
DA:85,2
DA:89,6
DA:93,6
DA:94,6
DA:97,4
DA:98,4
DA:99,6
DA:103,4
DA:104,2
DA:107,0
DA:112,0
DA:113,0
DA:116,0
DA:117,0
DA:120,0
DA:123,0
DA:125,0
DA:126,0
DA:127,0
DA:128,0
DA:130,0
DA:131,0
DA:134,9
DA:136,3
DA:142,0
DA:147,0
DA:148,0
DA:149,0
DA:152,0
DA:153,0
DA:154,0
DA:155,0
DA:157,0
DA:162,0
DA:163,0
DA:164,0
DA:165,0
DA:167,0
DA:173,0
DA:174,0
DA:175,0
DA:177,0
DA:178,0
DA:179,0
DA:181,0
DA:185,0
DA:186,0
DA:187,0
DA:189,0
DA:194,0
DA:195,0
DA:201,1
DA:202,1
DA:203,2
DA:209,0
DA:210,0
DA:212,0
DA:213,0
DA:219,0
DA:220,0
DA:221,0
DA:243,4
DA:244,5
DA:245,6
DA:248,6
DA:254,2
DA:255,3
DA:258,4
DA:259,2
DA:266,2
DA:267,2
DA:268,1
DA:269,1
DA:273,1
DA:275,2
DA:280,1
DA:281,1
DA:282,1
DA:283,1
DA:284,1
DA:285,1
DA:289,2
DA:290,0
DA:291,0
DA:295,2
DA:301,1
DA:305,1
DA:308,2
DA:311,2
DA:314,2
DA:316,2
DA:317,2
DA:318,1
DA:322,1
DA:323,0
DA:330,1
DA:332,1
DA:335,0
DA:336,0
DA:337,0
DA:339,0
DA:356,1
DA:366,1
DA:367,2
DA:373,0
DA:374,0
DA:375,0
DA:376,0
DA:377,0
DA:378,0
DA:382,0
DA:385,0
DA:388,0
DA:391,0
DA:394,0
DA:396,0
DA:397,0
DA:400,0
DA:402,0
DA:408,4
DA:410,4
DA:411,0
DA:412,0
DA:415,5
DA:416,4
DA:417,4
DA:418,4
DA:419,8
DA:423,0
DA:425,0
DA:427,0
DA:428,0
DA:430,0
DA:432,0
DA:435,0
DA:437,0
DA:440,0
DA:441,0
DA:442,0
DA:446,0
DA:447,0
DA:449,0
DA:453,0
DA:454,0
DA:457,0
DA:463,1
DA:465,1
DA:467,0
DA:468,0
DA:470,0
DA:471,0
DA:473,0
DA:477,3
DA:483,0
DA:485,0
DA:488,0
DA:490,0
DA:491,0
DA:495,0
DA:496,0
DA:497,0
DA:499,0
DA:500,0
DA:501,0
DA:503,0
DA:506,0
DA:508,0
LF:182
LH:74
end_of_record
SF:lib/core/services/ml/telemetry_service.dart
DA:35,1
DA:43,1
DA:65,1
DA:69,1
DA:70,2
DA:77,4
DA:78,2
DA:79,4
DA:85,2
DA:88,1
DA:89,1
DA:90,1
DA:91,1
DA:96,1
DA:102,1
DA:105,1
DA:106,3
DA:108,1
DA:110,1
DA:124,1
DA:126,2
DA:127,1
DA:128,1
DA:129,1
DA:134,2
DA:136,2
DA:137,1
DA:138,2
DA:142,6
DA:143,1
DA:146,0
DA:155,1
DA:156,3
DA:161,2
DA:162,2
DA:164,2
DA:165,1
DA:166,1
DA:169,1
DA:171,2
DA:172,3
DA:175,2
DA:177,0
DA:185,3
DA:188,1
DA:189,2
DA:190,5
DA:193,2
DA:198,2
DA:210,1
DA:215,1
DA:216,0
DA:217,0
DA:221,1
DA:222,1
DA:223,1
DA:224,1
DA:227,1
DA:230,1
DA:231,5
DA:233,2
DA:234,2
DA:239,0
DA:240,0
DA:248,1
DA:249,1
DA:250,0
DA:255,1
DA:256,1
DA:257,1
DA:260,1
DA:263,1
DA:264,3
DA:265,1
DA:267,1
DA:268,1
DA:269,1
DA:270,1
DA:271,1
DA:272,1
DA:273,1
DA:274,1
DA:275,1
DA:276,1
DA:277,1
DA:279,1
DA:281,1
DA:283,2
DA:284,2
DA:289,0
DA:297,1
DA:298,1
DA:299,0
DA:304,1
DA:305,1
DA:306,1
DA:309,0
DA:312,1
DA:315,1
DA:320,2
DA:321,1
DA:322,1
DA:323,1
DA:324,1
DA:325,1
DA:326,1
DA:327,1
DA:328,1
DA:329,1
DA:330,1
DA:333,1
DA:335,2
DA:336,3
DA:341,0
DA:349,1
DA:350,1
DA:351,0
DA:355,3
DA:360,2
DA:361,1
DA:362,2
DA:363,1
DA:365,1
DA:369,1
DA:370,2
DA:373,2
DA:374,3
DA:378,0
DA:379,0
DA:383,0
LF:130
LH:115
end_of_record
SF:lib/core/services/notifications/notification_service.dart
DA:20,0
DA:24,0
DA:25,0
DA:33,2
DA:42,2
DA:68,1
DA:69,1
DA:74,1
DA:75,1
DA:77,1
DA:78,1
DA:80,1
DA:81,1
DA:92,1
DA:94,2
DA:96,1
DA:104,1
DA:105,1
DA:107,1
DA:108,1
DA:115,1
DA:116,2
DA:121,1
DA:122,1
DA:123,2
DA:124,1
DA:125,1
DA:126,1
DA:129,2
DA:132,1
DA:134,1
DA:139,0
DA:140,0
DA:150,1
DA:152,3
DA:153,1
DA:155,1
DA:156,1
DA:157,1
DA:162,2
DA:163,1
DA:164,1
DA:167,1
DA:168,1
DA:173,0
DA:174,0
DA:183,1
DA:184,2
DA:187,1
DA:188,2
DA:193,2
DA:195,4
DA:196,2
DA:197,1
DA:198,1
DA:199,1
DA:200,2
DA:204,0
DA:205,0
DA:213,1
DA:220,0
DA:223,0
DA:224,0
DA:225,0
DA:226,0
DA:227,0
DA:241,0
DA:243,0
DA:244,0
DA:249,0
DA:250,0
DA:256,0
DA:258,0
DA:259,0
DA:264,0
DA:265,0
DA:268,0
DA:269,0
DA:275,0
DA:279,0
DA:280,0
DA:287,0
DA:289,0
DA:290,0
DA:293,0
DA:297,0
DA:299,0
DA:301,0
DA:302,0
DA:307,0
DA:308,0
DA:309,0
DA:310,0
DA:311,0
DA:312,0
DA:314,0
DA:315,0
DA:317,0
DA:318,0
DA:321,0
DA:322,0
DA:325,0
DA:326,0
DA:330,0
DA:338,0
DA:343,0
DA:344,0
DA:351,0
DA:358,0
DA:359,0
DA:372,0
DA:374,0
DA:376,0
DA:385,0
DA:395,0
DA:396,0
DA:401,0
DA:402,0
DA:404,0
DA:405,0
DA:406,0
DA:411,0
DA:412,0
DA:417,0
DA:425,0
DA:426,0
DA:427,0
DA:428,0
DA:429,0
DA:430,0
DA:431,0
DA:434,0
DA:439,0
DA:440,0
DA:448,0
DA:451,0
DA:454,0
DA:455,0
DA:458,0
DA:464,0
DA:471,0
DA:474,0
DA:475,0
DA:478,0
DA:480,0
DA:487,0
DA:488,0
DA:490,0
DA:491,0
DA:499,0
DA:501,0
DA:502,0
DA:503,0
DA:504,0
DA:505,0
DA:507,0
DA:508,0
DA:510,0
DA:511,0
DA:520,0
DA:524,0
DA:526,0
DA:528,0
DA:529,0
DA:534,0
DA:535,0
DA:540,0
DA:541,0
DA:542,0
DA:546,0
DA:547,0
DA:551,0
DA:552,0
DA:559,0
DA:560,0
DA:569,0
DA:571,0
DA:573,0
DA:574,0
DA:575,0
DA:576,0
DA:577,0
DA:578,0
DA:580,0
DA:581,0
DA:582,0
DA:583,0
DA:584,0
DA:586,0
DA:587,0
DA:592,0
DA:593,0
DA:594,0
DA:596,0
DA:602,0
DA:603,0
DA:612,0
DA:614,0
DA:617,0
DA:618,0
DA:619,0
DA:623,0
DA:624,0
DA:625,0
DA:626,0
DA:632,0
DA:640,0
DA:642,0
DA:643,0
DA:646,0
DA:647,0
DA:648,0
DA:649,0
DA:652,0
DA:653,0
DA:654,0
DA:655,0
DA:662,0
DA:663,0
DA:664,0
DA:665,0
DA:668,0
DA:669,0
DA:670,0
DA:671,0
DA:677,0
DA:684,0
DA:685,0
DA:686,0
DA:687,0
DA:692,0
DA:693,0
DA:697,0
DA:698,0
DA:699,0
DA:700,0
DA:701,0
DA:703,0
DA:704,0
DA:713,0
DA:715,0
DA:717,0
DA:724,0
DA:725,0
DA:730,0
DA:733,0
DA:735,0
DA:738,0
DA:739,0
DA:741,0
DA:742,0
DA:743,0
DA:745,0
DA:746,0
DA:751,0
DA:752,0
DA:755,0
DA:757,0
DA:758,0
DA:766,0
DA:775,0
DA:777,0
DA:778,0
DA:779,0
DA:780,0
DA:781,0
DA:783,0
DA:787,0
DA:789,0
DA:790,0
DA:796,0
DA:797,0
DA:804,0
DA:805,0
DA:806,0
DA:809,0
DA:810,0
DA:814,0
DA:818,0
DA:819,0
DA:821,0
DA:823,0
DA:824,0
DA:826,0
DA:829,0
DA:831,0
DA:833,0
DA:835,0
DA:836,0
DA:837,0
DA:839,0
DA:842,0
DA:843,0
DA:848,0
DA:849,0
DA:857,0
DA:858,0
DA:859,0
DA:862,0
DA:864,0
DA:865,0
DA:866,0
DA:867,0
DA:871,0
DA:874,0
DA:875,0
DA:876,0
DA:877,0
DA:878,0
DA:879,0
DA:881,0
DA:882,0
DA:883,0
DA:885,0
DA:887,0
DA:888,0
DA:894,0
DA:895,0
DA:899,0
DA:900,0
DA:908,0
DA:909,0
DA:910,0
DA:913,0
DA:914,0
DA:915,0
DA:916,0
DA:917,0
DA:921,0
DA:924,0
DA:925,0
DA:926,0
DA:927,0
DA:928,0
DA:929,0
DA:931,0
DA:932,0
DA:933,0
DA:935,0
DA:937,0
DA:938,0
DA:944,0
DA:945,0
DA:949,0
DA:950,0
DA:958,0
DA:989,0
DA:996,0
DA:997,0
DA:1001,0
DA:1002,0
DA:1009,0
DA:1010,0
DA:1012,0
DA:1014,0
DA:1021,0
DA:1022,0
DA:1023,0
DA:1024,0
DA:1025,0
DA:1026,0
DA:1028,0
DA:1029,0
DA:1036,0
DA:1037,0
DA:1039,0
DA:1041,0
DA:1044,0
DA:1048,0
DA:1053,0
DA:1054,0
DA:1055,0
DA:1059,0
DA:1060,0
DA:1061,0
DA:1065,0
DA:1066,0
DA:1070,0
DA:1074,0
DA:1075,0
DA:1076,0
DA:1079,0
DA:1080,0
DA:1081,0
DA:1082,0
DA:1083,0
DA:1088,0
DA:1089,0
DA:1091,0
DA:1092,0
DA:1122,0
DA:1134,0
DA:1135,0
DA:1140,0
DA:1141,0
DA:1142,0
DA:1149,0
DA:1157,0
DA:1158,0
DA:1159,0
DA:1162,0
DA:1164,0
DA:1166,0
DA:1168,0
DA:1169,0
DA:1172,0
DA:1173,0
DA:1174,0
DA:1175,0
DA:1176,0
DA:1182,0
DA:1183,0
DA:1209,0
DA:1210,0
DA:1212,0
DA:1219,0
DA:1222,0
DA:1223,0
DA:1227,0
DA:1228,0
DA:1236,0
DA:1238,0
DA:1239,0
DA:1240,0
DA:1244,0
DA:1245,0
DA:1254,0
DA:1262,0
DA:1263,0
DA:1265,0
DA:1266,0
DA:1271,0
DA:1272,0
DA:1275,0
DA:1276,0
DA:1301,0
DA:1302,0
DA:1310,0
DA:1313,0
DA:1314,0
DA:1318,0
DA:1319,0
DA:1327,0
DA:1329,0
DA:1330,0
DA:1331,0
DA:1332,0
DA:1333,0
DA:1334,0
DA:1335,0
DA:1336,0
DA:1337,0
DA:1338,0
DA:1340,0
DA:1345,0
DA:1347,0
DA:1348,0
DA:1349,0
DA:1350,0
DA:1351,0
DA:1352,0
DA:1353,0
DA:1354,0
DA:1355,0
DA:1356,0
DA:1358,0
DA:1363,0
DA:1365,0
DA:1366,0
DA:1370,0
DA:1372,0
DA:1374,0
DA:1375,0
DA:1378,0
DA:1380,0
DA:1383,0
DA:1384,0
DA:1391,0
DA:1394,0
DA:1395,0
DA:1396,0
DA:1397,0
DA:1403,0
DA:1408,0
DA:1409,0
LF:485
LH:51
end_of_record
SF:lib/core/services/cache/cache_service.dart
DA:20,1
DA:22,1
DA:24,1
DA:25,1
DA:28,2
DA:30,1
DA:31,2
DA:32,1
DA:37,2
DA:41,1
DA:42,1
DA:43,4
DA:46,0
DA:49,1
DA:51,1
DA:54,1
DA:56,1
DA:57,3
DA:58,1
DA:59,1
DA:60,1
DA:61,1
DA:62,1
DA:63,1
DA:64,1
DA:66,1
DA:68,0
DA:71,2
DA:74,2
DA:75,4
DA:79,1
DA:81,1
DA:82,1
DA:84,2
DA:85,2
DA:88,1
DA:90,2
DA:91,1
DA:92,2
DA:95,2
DA:96,2
LF:41
LH:39
end_of_record
SF:lib/features/habits/domain/models/micro_habit.dart
DA:20,1
DA:22,1
DA:24,1
DA:26,0
DA:27,0
DA:29,0
DA:31,1
DA:32,1
DA:33,1
DA:34,1
DA:35,1
DA:36,1
DA:38,1
DA:40,0
LF:14
LH:10
end_of_record
SF:lib/features/habits/domain/models/micro_habit.g.dart
DA:11,0
DA:12,0
DA:13,0
DA:14,0
DA:15,0
DA:16,0
DA:17,0
DA:18,0
DA:19,0
DA:21,0
DA:25,0
DA:26,0
DA:27,0
DA:28,0
DA:29,0
DA:30,0
DA:31,0
DA:32,0
DA:33,0
LF:19
LH:0
end_of_record
SF:lib/features/habits/domain/services/simple_onboarding_scoring.dart
DA:54,3
DA:64,1
DA:65,1
DA:66,1
DA:68,1
DA:70,1
DA:87,2
DA:93,2
DA:94,1
DA:96,4
DA:97,1
DA:101,4
DA:102,2
DA:103,2
DA:105,4
DA:108,2
DA:111,2
DA:113,2
DA:124,2
DA:126,2
DA:128,2
DA:130,2
DA:136,2
DA:138,2
DA:140,2
DA:142,2
DA:148,2
DA:149,2
DA:151,2
DA:164,2
DA:166,4
DA:167,4
DA:171,2
DA:174,1
DA:182,2
DA:184,2
DA:186,1
DA:188,1
DA:190,1
LF:39
LH:39
end_of_record
SF:lib/core/services/templates/template_scoring_engine.dart
DA:15,1
DA:16,1
DA:19,1
DA:34,1
DA:43,1
DA:44,1
DA:45,1
DA:46,1
DA:47,1
DA:48,1
DA:49,1
DA:63,1
DA:77,1
DA:78,1
DA:79,1
DA:82,1
DA:83,2
DA:84,1
DA:85,2
DA:90,1
DA:91,4
DA:92,1
DA:93,1
DA:94,2
DA:98,4
DA:101,1
DA:102,4
DA:103,4
DA:106,3
DA:108,1
DA:111,1
DA:112,1
DA:133,1
DA:224,1
DA:232,2
DA:233,2
DA:234,2
DA:235,2
DA:236,1
DA:237,3
DA:238,2
DA:255,1
DA:259,1
DA:262,2
DA:263,2
DA:264,2
DA:265,2
DA:266,2
DA:269,4
DA:270,4
DA:271,4
DA:272,4
DA:273,3
DA:275,1
DA:277,1
DA:281,1
DA:289,1
DA:290,3
DA:294,2
DA:295,2
DA:303,1
DA:304,1
DA:305,1
DA:308,1
DA:309,1
DA:310,1
DA:311,1
DA:316,0
DA:323,1
DA:324,3
DA:329,2
DA:330,2
DA:331,2
DA:341,1
DA:342,2
DA:343,2
DA:345,1
DA:349,1
DA:350,1
DA:352,1
DA:356,3
DA:363,1
DA:365,1
DA:368,2
DA:372,3
DA:377,2
DA:378,1
DA:379,1
DA:382,4
DA:383,2
DA:384,1
LF:91
LH:90
end_of_record
SF:lib/features/habits/presentation/onboarding/onboarding_models.dart
DA:7,0
DA:9,0
DA:10,0
DA:24,1
DA:34,0
DA:35,0
DA:36,0
DA:37,0
DA:38,0
DA:39,0
DA:40,0
DA:41,0
DA:42,0
DA:46,0
DA:47,0
DA:48,0
DA:49,0
DA:50,0
DA:51,0
DA:52,0
DA:53,0
DA:54,0
DA:58,0
DA:67,0
DA:68,0
DA:69,0
DA:70,0
DA:71,0
DA:72,0
DA:73,0
DA:74,0
DA:80,0
DA:82,0
DA:83,0
DA:86,0
DA:89,0
DA:91,0
DA:93,0
DA:94,0
DA:96,0
DA:98,0
LF:41
LH:1
end_of_record
SF:lib/features/habits/domain/services/simple_template_selector.dart
DA:92,1
DA:93,2
DA:94,1
DA:96,1
DA:105,1
DA:106,2
DA:114,1
DA:115,1
DA:117,2
DA:118,2
DA:119,1
DA:120,1
DA:126,2
DA:127,1
DA:128,0
DA:132,2
DA:138,1
DA:139,4
DA:140,1
DA:142,2
DA:143,2
DA:144,1
DA:145,0
DA:151,2
DA:152,1
DA:153,0
DA:157,2
LF:27
LH:24
end_of_record
SF:lib/core/services/ai/rate_limit_service.dart
DA:21,1
DA:23,1
DA:24,3
DA:25,4
DA:28,1
DA:29,2
DA:31,4
DA:35,1
DA:36,2
DA:38,1
DA:42,1
DA:43,3
DA:46,1
DA:47,1
DA:48,1
DA:49,1
DA:52,4
DA:53,1
DA:55,1
DA:56,3
DA:59,1
DA:61,1
DA:63,2
DA:64,1
DA:66,1
DA:68,2
DA:69,1
DA:77,1
DA:79,1
DA:81,1
DA:82,1
DA:83,2
DA:85,1
DA:86,1
DA:87,3
DA:90,1
DA:92,1
DA:93,2
DA:94,2
DA:97,1
DA:99,1
DA:101,2
DA:102,1
DA:103,1
DA:105,1
DA:106,2
DA:113,1
DA:114,1
DA:116,1
DA:117,1
DA:119,1
DA:122,1
DA:124,1
DA:125,0
DA:126,0
DA:127,0
LF:56
LH:53
end_of_record
SF:lib/bible_reader_core/src/bible_db_service.dart
DA:11,0
DA:12,0
DA:13,0
DA:15,0
DA:17,0
DA:18,0
DA:19,0
DA:22,0
DA:26,0
DA:27,0
DA:31,0
DA:32,0
DA:34,0
DA:36,0
DA:40,0
DA:44,0
DA:47,0
DA:52,0
DA:57,0
DA:60,0
DA:69,0
DA:70,0
DA:72,0
DA:76,0
DA:77,0
DA:78,0
DA:79,0
DA:82,0
DA:83,0
DA:86,0
DA:98,0
DA:100,0
DA:101,0
DA:102,0
DA:107,0
DA:108,0
DA:111,0
DA:120,0
DA:121,0
DA:125,0
DA:130,0
DA:132,0
DA:139,0
DA:145,0
DA:146,0
DA:148,0
DA:151,0
DA:157,0
DA:160,0
DA:161,0
DA:165,0
DA:172,0
DA:175,0
DA:176,0
DA:180,0
DA:187,0
DA:190,0
DA:194,0
DA:199,0
DA:202,0
DA:206,0
LF:61
LH:0
end_of_record
SF:lib/core/config/ai_config.dart
DA:4,0
LF:1
LH:0
end_of_record
SF:lib/core/services/ai/gemini_exceptions.dart
DA:5,1
DA:7,0
DA:8,0
DA:13,1
DA:15,0
DA:16,0
DA:23,0
DA:25,0
DA:27,0
DA:32,0
DA:34,0
DA:35,0
DA:40,1
DA:42,0
DA:43,0
LF:15
LH:3
end_of_record
SF:lib/core/services/ai/gemini_service.dart
DA:38,1
DA:47,1
DA:49,1
DA:54,2
DA:55,1
DA:56,0
DA:60,2
DA:62,2
DA:63,1
DA:69,2
DA:71,2
DA:74,1
DA:75,2
DA:81,1
DA:84,1
DA:85,1
DA:90,2
DA:91,3
DA:94,0
DA:97,0
DA:100,0
DA:103,1
DA:104,0
DA:105,0
DA:108,1
DA:109,2
DA:113,1
DA:114,2
DA:117,1
DA:118,2
DA:119,1
DA:120,1
DA:124,1
DA:125,2
DA:126,1
DA:127,2
DA:132,2
DA:135,1
DA:143,0
DA:178,1
DA:181,0
DA:183,0
DA:184,0
DA:190,0
DA:191,0
DA:192,0
DA:194,0
DA:195,0
DA:201,0
DA:204,0
DA:205,0
DA:206,0
DA:212,0
DA:213,0
DA:214,0
DA:220,0
DA:222,0
DA:225,0
DA:226,0
DA:227,0
DA:228,0
DA:229,0
DA:234,0
DA:235,0
DA:236,0
DA:237,0
DA:238,0
DA:239,0
DA:241,0
DA:242,0
DA:245,0
DA:246,0
DA:247,0
DA:248,0
DA:251,0
DA:253,0
DA:254,0
DA:259,0
DA:260,0
DA:264,0
DA:265,0
DA:267,0
DA:269,0
DA:281,0
DA:282,0
DA:285,0
DA:286,0
DA:293,0
DA:294,0
DA:295,0
DA:302,0
DA:308,0
DA:316,0
DA:319,0
DA:320,0
DA:321,0
DA:322,0
DA:323,0
DA:324,0
DA:325,0
DA:326,0
DA:328,0
DA:495,0
DA:499,0
DA:510,0
DA:511,0
DA:512,0
DA:516,0
DA:519,0
DA:520,0
DA:523,0
DA:524,0
DA:526,0
DA:527,0
DA:530,0
DA:534,0
DA:535,0
DA:536,0
DA:537,0
DA:538,0
DA:541,0
DA:542,0
DA:543,0
DA:545,0
DA:549,0
DA:551,0
DA:552,0
DA:555,0
DA:556,0
DA:558,0
DA:560,0
DA:561,0
DA:568,0
DA:569,0
DA:571,0
DA:574,0
DA:575,0
DA:576,0
DA:583,0
DA:584,0
DA:585,0
DA:590,0
DA:591,0
DA:596,0
DA:599,0
DA:600,0
DA:603,0
DA:604,0
DA:605,0
DA:606,0
DA:619,0
DA:622,0
DA:625,0
DA:627,0
DA:628,0
DA:640,0
DA:643,0
DA:646,0
DA:647,0
DA:648,0
DA:649,0
DA:659,0
DA:663,0
DA:665,0
DA:695,0
DA:696,0
DA:702,0
DA:707,0
DA:708,0
DA:714,0
DA:715,0
DA:716,0
DA:718,0
DA:719,0
DA:725,0
DA:727,0
DA:728,0
DA:729,0
DA:735,0
DA:739,0
DA:740,0
DA:741,0
DA:742,0
DA:743,0
DA:744,0
DA:750,0
DA:751,0
DA:753,0
DA:754,0
DA:755,0
DA:756,0
DA:757,0
DA:758,0
DA:759,0
DA:763,0
DA:767,0
DA:769,0
DA:770,0
DA:775,0
DA:776,0
DA:777,0
DA:779,0
DA:781,0
DA:783,0
DA:785,0
DA:804,0
DA:805,0
DA:806,0
DA:810,0
DA:811,0
DA:812,0
DA:813,0
DA:814,0
DA:816,0
DA:817,0
DA:818,0
DA:819,0
DA:820,0
DA:821,0
DA:824,0
DA:828,0
DA:839,0
DA:843,0
DA:845,0
DA:846,0
DA:847,0
DA:849,0
DA:850,0
DA:851,0
DA:856,0
DA:857,0
DA:858,0
DA:859,0
DA:864,0
DA:865,0
DA:866,0
DA:867,0
DA:869,0
DA:870,0
DA:871,0
DA:873,0
DA:876,0
DA:877,0
DA:879,0
DA:880,0
DA:881,0
DA:884,0
DA:885,0
DA:886,0
DA:887,0
DA:888,0
DA:889,0
DA:890,0
DA:892,0
DA:893,0
DA:895,0
DA:896,0
DA:899,0
DA:900,0
LF:259
LH:33
end_of_record
SF:lib/features/habits/domain/models/generation_request.dart
DA:17,1
DA:19,0
DA:20,0
DA:23,1
DA:24,4
DA:25,2
DA:26,1
DA:27,1
LF:8
LH:6
end_of_record
SF:lib/features/habits/domain/models/generation_request.g.dart
DA:9,0
DA:11,0
DA:12,0
DA:13,0
DA:14,0
DA:15,0
DA:18,0
DA:20,0
DA:21,0
DA:22,0
DA:23,0
DA:24,0
LF:12
LH:0
end_of_record
SF:lib/core/services/ai/gemini_template_firestore_service.dart
DA:6,1
DA:8,1
DA:16,3
DA:17,2
DA:23,1
DA:24,1
LF:6
LH:6
end_of_record
SF:lib/core/services/background_task_service.dart
DA:28,1
DA:32,1
DA:33,1
DA:34,0
DA:43,2
DA:48,0
DA:49,0
DA:54,1
DA:55,1
DA:59,1
DA:66,1
DA:67,1
DA:68,1
DA:77,0
DA:78,0
DA:81,0
DA:85,0
DA:90,0
DA:93,0
DA:108,0
DA:114,0
DA:115,0
DA:118,0
DA:119,0
DA:122,0
DA:126,0
DA:132,0
DA:144,0
DA:145,0
DA:150,0
DA:152,0
DA:157,0
DA:158,0
DA:168,1
DA:169,1
DA:174,0
DA:175,0
DA:180,0
DA:181,0
DA:189,1
DA:190,1
DA:191,1
DA:195,0
DA:196,0
DA:197,0
DA:201,0
DA:202,0
DA:203,0
DA:205,0
DA:206,0
DA:209,0
DA:210,0
DA:213,0
DA:214,0
DA:216,0
DA:219,0
DA:226,0
DA:228,0
DA:230,0
DA:237,0
DA:238,0
DA:239,0
DA:241,0
DA:247,0
DA:248,0
DA:251,0
DA:252,0
DA:253,0
DA:257,1
DA:258,1
DA:259,1
DA:261,1
DA:262,1
DA:267,1
DA:269,1
DA:274,1
DA:275,1
DA:280,0
DA:281,0
DA:286,0
DA:287,0
DA:297,0
DA:299,0
DA:300,0
DA:301,0
DA:307,0
DA:308,0
DA:311,0
DA:312,0
DA:318,0
DA:319,0
DA:330,0
DA:331,0
DA:340,0
DA:341,0
DA:344,0
DA:357,0
DA:358,0
DA:361,0
DA:362,0
DA:366,0
DA:368,0
DA:369,0
DA:377,0
DA:379,0
DA:380,0
DA:386,0
DA:387,0
DA:390,0
DA:396,0
DA:399,0
DA:401,0
DA:402,0
DA:406,0
DA:410,0
DA:416,0
DA:417,0
DA:418,0
DA:424,0
DA:425,0
DA:432,0
LF:121
LH:24
end_of_record
SF:lib/core/providers/auth_provider.dart
DA:8,0
DA:10,0
DA:12,0
DA:15,0
DA:16,0
DA:20,0
DA:21,0
DA:25,0
DA:27,0
DA:31,0
DA:34,0
DA:35,0
DA:39,0
DA:40,0
DA:41,0
LF:15
LH:0
end_of_record
SF:lib/core/providers/firebase_init_provider.dart
DA:9,0
DA:10,0
DA:13,0
DA:14,0
DA:15,0
DA:17,0
DA:18,0
DA:21,0
DA:22,0
DA:23,0
DA:26,0
DA:27,0
DA:28,0
DA:30,0
DA:36,0
DA:37,0
DA:39,0
DA:40,0
DA:41,0
DA:42,0
DA:47,0
DA:48,0
DA:49,0
LF:23
LH:0
end_of_record
SF:lib/core/providers/firebase_services_provider.dart
DA:9,0
DA:10,0
DA:11,0
DA:16,0
DA:17,0
DA:18,0
DA:23,0
DA:24,0
DA:25,0
LF:9
LH:0
end_of_record
SF:lib/core/providers/clock_provider.g.dart
DA:9,0
DA:19,0
LF:2
LH:0
end_of_record
SF:lib/core/providers/clock_provider.dart
DA:13,0
DA:20,0
LF:2
LH:0
end_of_record
SF:lib/firebase_options.dart
DA:46,0
DA:50,0
DA:51,0
DA:53,0
DA:55,0
DA:57,0
DA:58,0
DA:62,0
DA:63,0
DA:68,0
LF:10
LH:0
end_of_record
SF:lib/core/providers/habit_predictor_provider.dart
DA:20,0
DA:21,0
DA:22,0
DA:23,0
DA:24,0
DA:25,0
DA:27,0
DA:38,0
DA:39,0
DA:40,0
DA:42,0
DA:43,0
DA:44,0
DA:45,0
DA:47,0
DA:68,0
DA:83,0
DA:84,0
DA:88,0
DA:90,0
DA:92,0
DA:93,0
DA:98,0
DA:99,0
DA:100,0
DA:101,0
DA:102,0
DA:103,0
DA:108,0
DA:110,0
DA:111,0
DA:112,0
DA:113,0
DA:116,0
DA:117,0
DA:120,0
DA:124,0
DA:125,0
DA:128,0
DA:133,0
DA:135,0
DA:136,0
DA:137,0
DA:142,0
DA:143,0
DA:144,0
DA:147,0
DA:150,0
DA:151,0
DA:154,0
DA:155,0
DA:156,0
DA:157,0
DA:158,0
DA:159,0
DA:167,0
DA:168,0
DA:169,0
DA:175,0
DA:176,0
DA:179,0
DA:181,0
DA:182,0
DA:185,0
DA:186,0
DA:187,0
DA:189,0
DA:192,0
DA:193,0
DA:194,0
DA:200,0
DA:201,0
DA:202,0
DA:203,0
DA:204,0
DA:205,0
DA:208,0
DA:209,0
DA:218,0
DA:226,0
DA:229,0
DA:230,0
DA:233,0
DA:234,0
DA:241,0
DA:242,0
DA:251,0
DA:254,0
DA:255,0
DA:258,0
DA:259,0
DA:261,0
DA:264,0
DA:265,0
DA:269,0
DA:271,0
DA:272,0
DA:276,0
DA:277,0
DA:286,0
DA:294,0
DA:295,0
DA:298,0
DA:299,0
DA:300,0
DA:301,0
DA:303,0
DA:305,0
DA:308,0
DA:311,0
DA:313,0
DA:314,0
DA:318,0
DA:319,0
DA:324,0
DA:325,0
LF:116
LH:0
end_of_record
SF:lib/features/habits/data/storage/storage_providers.dart
DA:10,0
DA:11,0
DA:17,0
DA:18,0
DA:19,0
DA:24,0
DA:30,3
DA:31,0
DA:32,0
DA:33,0
DA:35,0
DA:38,0
DA:44,0
DA:45,0
DA:46,0
DA:50,0
DA:51,0
DA:52,0
DA:53,0
DA:55,0
LF:20
LH:1
end_of_record
SF:lib/core/providers/ml_providers.dart
DA:11,0
DA:12,0
DA:13,0
DA:16,0
DA:19,0
DA:20,0
DA:28,0
DA:29,0
DA:30,0
DA:33,0
DA:45,0
DA:50,0
DA:52,0
DA:53,0
DA:55,0
DA:62,0
DA:67,0
DA:72,0
DA:80,0
DA:81,0
LF:20
LH:0
end_of_record
SF:lib/core/providers/remote_config_provider.dart
DA:5,0
DA:6,0
DA:7,0
DA:11,0
DA:12,0
DA:13,0
DA:17,0
DA:18,0
DA:19,0
DA:23,0
DA:24,0
DA:25,0
DA:29,0
DA:30,0
DA:31,0
DA:35,0
DA:36,0
DA:37,0
LF:18
LH:0
end_of_record
SF:lib/core/providers/notification_provider.dart
DA:11,0
DA:13,0
DA:15,0
DA:20,0
DA:21,0
DA:22,0
DA:23,0
DA:28,0
DA:29,0
DA:31,0
DA:39,0
DA:41,0
DA:42,0
DA:45,0
DA:46,0
DA:49,0
DA:50,0
DA:54,0
DA:56,0
DA:58,0
DA:59,0
DA:63,0
DA:65,0
DA:67,0
DA:68,0
DA:73,0
DA:75,0
DA:78,0
DA:81,0
DA:82,0
LF:30
LH:0
end_of_record
SF:lib/core/providers/language_provider.dart
DA:18,0
DA:19,0
DA:20,0
DA:21,0
DA:27,0
DA:30,0
DA:34,0
DA:35,0
DA:40,0
DA:42,0
DA:43,0
DA:44,0
DA:47,0
DA:51,0
DA:53,0
DA:54,0
DA:55,0
DA:61,0
DA:63,0
LF:19
LH:0
end_of_record
SF:lib/features/habits/presentation/habits_providers.dart
DA:11,3
DA:14,0
DA:15,0
DA:16,0
DA:21,1
DA:26,0
DA:33,0
DA:34,0
DA:36,0
DA:37,0
DA:45,0
DA:46,0
DA:47,0
DA:48,0
DA:50,0
DA:51,0
DA:52,0
DA:57,0
DA:58,0
DA:59,0
DA:60,0
DA:61,0
DA:62,0
DA:63,0
DA:64,0
DA:65,0
DA:67,0
DA:68,0
DA:69,0
DA:71,0
DA:74,0
DA:77,0
DA:78,0
DA:80,0
DA:81,0
DA:82,0
DA:83,0
DA:84,0
DA:87,0
DA:88,0
DA:89,0
DA:90,0
DA:94,0
DA:95,0
DA:96,0
DA:97,0
DA:98,0
DA:102,0
DA:110,0
DA:111,0
DA:114,0
DA:115,0
DA:119,0
DA:120,0
DA:121,0
DA:123,0
DA:124,0
DA:126,0
DA:127,0
DA:128,0
DA:129,0
DA:131,0
DA:132,0
DA:133,0
DA:138,0
DA:149,0
DA:150,0
DA:152,0
DA:153,0
DA:165,0
DA:166,0
DA:167,0
DA:168,0
DA:170,0
DA:171,0
DA:172,0
DA:175,0
DA:176,0
DA:177,0
DA:178,0
DA:179,0
DA:180,0
DA:181,0
DA:184,0
DA:185,0
DA:191,0
DA:192,0
DA:193,0
DA:194,0
DA:195,0
DA:196,0
DA:197,0
DA:198,0
DA:199,0
DA:201,0
DA:202,0
DA:203,0
DA:205,0
DA:210,0
DA:211,0
DA:212,0
DA:213,0
DA:214,0
DA:215,0
DA:216,0
DA:217,0
DA:218,0
DA:220,0
DA:221,0
DA:222,0
DA:224,0
DA:229,0
DA:230,0
DA:231,0
DA:232,0
DA:233,0
DA:234,0
DA:235,0
DA:236,0
DA:237,0
DA:239,0
DA:240,0
DA:241,0
DA:243,0
DA:248,0
DA:249,0
DA:250,0
DA:252,0
DA:253,0
DA:254,0
DA:255,0
DA:256,0
DA:257,0
DA:258,0
DA:260,0
DA:261,0
DA:262,0
DA:267,0
DA:268,0
DA:269,0
DA:271,0
DA:277,0
DA:279,0
DA:281,0
DA:282,0
DA:285,0
DA:286,0
DA:293,0
DA:294,0
DA:296,0
DA:301,0
DA:302,0
DA:303,0
DA:304,0
DA:305,0
DA:306,0
DA:307,0
DA:308,0
DA:311,0
DA:312,0
DA:313,0
DA:314,0
DA:316,0
DA:317,0
DA:318,0
DA:322,0
DA:323,0
DA:330,1
DA:331,2
DA:332,2
DA:333,1
DA:335,3
DA:338,1
DA:339,2
DA:340,1
DA:341,1
DA:342,1
DA:343,1
DA:344,1
DA:345,1
DA:348,1
DA:349,0
DA:350,0
DA:351,0
DA:352,0
DA:354,1
DA:355,2
DA:356,2
DA:357,1
DA:361,0
DA:362,0
DA:367,4
DA:368,1
LF:193
LH:22
end_of_record
SF:lib/core/services/remote_config_service.dart
DA:11,0
DA:14,0
DA:16,0
DA:17,0
DA:18,0
DA:24,0
DA:27,0
DA:28,0
DA:35,0
DA:44,0
DA:46,0
DA:48,0
DA:54,0
DA:56,0
DA:58,0
DA:64,0
DA:66,0
DA:68,0
DA:74,0
DA:76,0
DA:78,0
DA:84,0
DA:86,0
DA:88,0
DA:94,0
DA:96,0
DA:98,0
DA:104,0
DA:106,0
DA:107,0
DA:109,0
DA:114,0
DA:115,0
DA:116,0
DA:117,0
DA:118,0
DA:119,0
DA:120,0
LF:38
LH:0
end_of_record
SF:lib/features/gamification/data/badge_repository.dart
DA:10,0
DA:13,0
DA:14,0
DA:17,0
DA:20,0
DA:22,0
DA:23,0
DA:27,0
DA:28,0
DA:29,0
DA:30,0
DA:35,0
DA:39,0
DA:40,0
DA:42,0
DA:43,0
DA:44,0
DA:48,0
DA:50,0
DA:51,0
DA:53,0
DA:54,0
DA:55,0
DA:56,0
DA:59,0
DA:63,0
DA:64,0
DA:65,0
DA:69,0
DA:70,0
DA:71,0
DA:72,0
DA:73,0
LF:33
LH:0
end_of_record
SF:lib/features/gamification/domain/models/badge.dart
DA:13,0
DA:15,0
DA:17,0
DA:19,0
DA:21,0
DA:23,0
DA:25,0
DA:27,0
DA:29,0
DA:31,0
DA:36,0
DA:38,0
DA:40,0
DA:42,0
DA:44,0
DA:46,0
DA:48,0
DA:50,0
DA:52,0
DA:54,0
DA:59,0
DA:61,0
DA:63,0
DA:65,0
DA:67,0
DA:69,0
DA:71,0
DA:73,0
DA:75,0
DA:77,0
DA:83,0
DA:85,0
DA:87,0
DA:89,0
DA:91,0
DA:93,0
DA:95,0
DA:97,0
DA:99,0
DA:101,0
DA:114,0
DA:122,0
DA:123,0
DA:124,0
DA:125,0
DA:126,0
DA:132,0
DA:133,0
DA:134,0
DA:135,0
DA:136,0
DA:137,0
DA:138,0
DA:142,0
DA:143,0
DA:144,0
DA:145,0
DA:146,0
DA:147,0
DA:149,0
DA:150,0
DA:152,0
LF:62
LH:0
end_of_record
SF:lib/features/gamification/domain/services/badge_service.dart
DA:10,0
DA:17,0
DA:18,0
DA:19,0
DA:21,0
DA:23,0
DA:24,0
DA:26,0
DA:27,0
DA:28,0
DA:29,0
DA:31,0
DA:34,0
DA:42,0
DA:43,0
DA:47,0
DA:48,0
DA:49,0
DA:53,0
DA:54,0
DA:55,0
DA:59,0
DA:60,0
DA:69,0
DA:70,0
DA:79,0
DA:80,0
DA:82,0
DA:83,0
DA:85,0
DA:87,0
DA:90,0
DA:100,3
LF:33
LH:1
end_of_record
SF:lib/features/gamification/presentation/gamification_providers.dart
DA:12,0
DA:13,0
DA:14,0
DA:17,0
DA:18,0
DA:19,0
DA:22,0
DA:23,0
DA:24,0
DA:28,0
DA:29,0
DA:30,0
DA:31,0
DA:37,0
DA:38,0
DA:39,0
DA:40,0
DA:49,0
DA:50,0
DA:51,0
DA:52,0
DA:56,0
DA:57,0
DA:58,0
DA:59,0
DA:63,0
DA:64,0
DA:65,0
DA:66,0
DA:67,0
DA:71,0
DA:72,0
DA:73,0
DA:74,0
DA:78,0
DA:79,0
DA:80,0
DA:81,0
LF:38
LH:0
end_of_record
SF:lib/features/habits/data/habit_model.dart
DA:14,5
DA:31,5
DA:34,1
DA:35,1
DA:36,1
DA:37,1
DA:38,1
DA:39,1
DA:40,2
DA:41,1
DA:42,1
DA:43,0
DA:45,1
DA:46,1
DA:47,1
DA:48,1
DA:49,1
DA:50,4
DA:51,0
DA:54,1
DA:55,1
DA:56,1
DA:57,1
DA:58,1
DA:59,1
DA:60,1
DA:61,1
DA:62,1
DA:63,1
DA:64,1
DA:65,2
DA:67,1
DA:68,3
DA:69,1
DA:70,0
DA:71,2
DA:72,1
DA:73,1
DA:74,1
DA:75,1
DA:76,4
DA:77,0
DA:81,1
DA:82,1
DA:83,2
DA:84,1
DA:85,1
DA:86,1
DA:87,1
DA:88,1
DA:89,0
DA:90,0
DA:91,0
DA:94,1
DA:95,1
DA:96,0
DA:97,0
DA:98,0
DA:101,2
DA:102,1
DA:103,0
DA:106,1
DA:107,0
DA:108,0
DA:111,1
DA:112,0
DA:114,1
DA:115,1
DA:116,1
DA:117,1
DA:121,1
DA:122,1
DA:123,1
DA:124,1
DA:125,2
DA:126,1
DA:127,1
DA:128,1
DA:129,1
DA:130,1
DA:131,2
DA:133,3
DA:135,3
DA:136,1
DA:137,1
DA:138,1
DA:139,2
DA:141,1
DA:142,3
DA:143,1
DA:144,2
DA:145,1
DA:146,1
DA:147,2
DA:149,1
DA:150,1
DA:151,1
DA:152,1
DA:153,1
DA:154,0
DA:155,0
DA:156,0
DA:159,1
DA:160,1
DA:161,1
DA:162,1
DA:163,0
DA:166,1
DA:167,1
DA:168,3
DA:173,4
DA:174,4
DA:175,4
DA:176,4
DA:177,4
DA:178,8
DA:179,4
DA:180,4
DA:181,0
DA:183,4
DA:184,4
DA:185,4
DA:186,4
DA:187,3
DA:188,12
DA:189,0
DA:192,4
DA:193,3
DA:194,3
DA:195,2
DA:196,4
DA:197,3
DA:198,3
DA:199,2
DA:200,4
DA:201,4
DA:202,4
DA:203,2
DA:205,4
DA:206,5
DA:207,3
DA:208,1
DA:209,8
DA:210,4
DA:211,4
DA:212,4
DA:213,3
DA:214,12
DA:215,0
DA:218,4
DA:219,4
DA:220,7
DA:221,4
DA:222,3
DA:223,3
DA:224,2
DA:225,4
DA:226,0
DA:227,0
DA:228,0
DA:231,4
DA:232,4
DA:233,0
DA:234,0
DA:235,0
DA:238,7
DA:239,4
DA:240,0
DA:242,4
DA:243,0
DA:244,0
DA:247,4
DA:248,0
DA:250,4
DA:251,3
DA:252,3
DA:253,2
DA:254,4
DA:258,3
DA:259,3
DA:260,3
DA:261,3
DA:262,3
DA:263,6
DA:264,3
DA:265,3
DA:266,3
DA:267,3
DA:268,3
DA:269,6
DA:271,9
DA:273,9
DA:274,3
DA:275,3
DA:276,4
DA:277,3
DA:278,5
DA:279,3
DA:280,6
DA:281,3
DA:282,3
DA:283,6
DA:285,3
DA:286,3
DA:287,3
DA:288,3
DA:289,3
DA:290,0
DA:291,0
DA:292,0
DA:295,3
DA:296,3
DA:297,3
DA:298,3
DA:300,3
DA:301,3
DA:302,9
DA:303,3
LF:218
LH:184
end_of_record
SF:lib/features/habits/data/storage/json_habits_repository.dart
DA:29,2
DA:40,4
DA:41,0
DA:42,0
DA:45,0
DA:46,0
DA:47,0
DA:48,0
DA:54,4
DA:55,4
DA:56,2
DA:57,4
DA:62,2
DA:63,2
DA:64,4
DA:65,4
DA:67,4
DA:70,2
DA:71,4
DA:72,4
DA:73,4
DA:76,6
DA:77,12
DA:78,2
DA:80,4
DA:81,6
DA:84,8
DA:85,4
DA:86,4
DA:91,2
DA:92,4
DA:93,6
DA:95,4
DA:96,8
DA:97,4
DA:98,10
DA:100,3
DA:101,4
DA:102,2
DA:103,1
DA:104,1
DA:108,4
DA:109,0
DA:110,0
DA:113,4
DA:114,0
DA:115,0
DA:127,2
DA:128,2
DA:129,2
DA:130,3
DA:133,2
DA:137,4
DA:139,2
DA:145,2
DA:146,6
DA:147,2
DA:150,4
DA:151,2
DA:153,2
DA:156,1
DA:157,2
DA:159,1
DA:160,1
DA:163,0
DA:164,0
DA:169,1
DA:170,1
DA:171,2
DA:172,2
DA:177,2
DA:178,2
DA:180,2
DA:181,4
DA:184,6
DA:185,1
DA:186,1
DA:187,3
DA:189,2
DA:191,1
DA:192,2
DA:196,2
DA:198,3
DA:199,2
DA:200,1
DA:201,1
DA:210,2
DA:211,2
DA:214,6
DA:215,1
DA:216,1
DA:217,1
DA:222,3
DA:223,5
DA:225,1
DA:226,1
DA:227,1
DA:238,2
DA:239,8
DA:240,4
DA:241,4
DA:243,4
DA:244,2
DA:245,4
DA:248,1
DA:249,1
DA:252,5
DA:253,4
DA:256,1
DA:257,2
DA:258,3
DA:259,2
DA:260,1
DA:262,1
DA:263,2
DA:264,1
DA:267,4
DA:268,1
DA:275,2
DA:278,0
DA:280,0
DA:283,0
DA:286,2
DA:297,2
DA:300,2
DA:302,4
DA:303,2
DA:305,2
DA:306,4
DA:307,2
DA:315,2
DA:317,2
DA:318,4
DA:319,4
DA:321,2
DA:323,2
DA:325,0
DA:326,0
DA:330,1
DA:332,1
DA:335,1
DA:340,2
DA:341,1
DA:344,1
DA:345,4
DA:346,4
DA:347,3
DA:348,2
DA:349,0
DA:350,0
DA:352,2
DA:353,3
DA:354,1
DA:355,2
DA:356,2
DA:358,1
DA:359,2
DA:360,1
DA:362,1
DA:364,1
DA:369,2
DA:370,2
DA:371,1
DA:372,2
DA:375,1
DA:376,2
DA:377,2
DA:379,1
DA:380,2
DA:381,1
DA:382,2
DA:383,1
DA:384,2
DA:385,2
DA:386,2
DA:387,1
DA:389,0
DA:390,0
DA:394,1
DA:395,3
DA:397,3
DA:398,3
DA:399,2
DA:400,2
DA:401,3
DA:403,2
DA:406,0
DA:411,0
DA:413,0
DA:414,0
DA:416,0
DA:418,0
DA:420,0
DA:422,0
DA:423,0
DA:424,0
DA:427,0
DA:428,0
DA:431,0
DA:432,0
DA:433,0
DA:435,0
DA:436,0
DA:437,0
DA:438,0
DA:439,0
DA:440,0
DA:443,0
DA:444,0
DA:445,0
DA:447,0
DA:448,0
DA:451,0
DA:452,0
DA:458,0
DA:460,0
DA:461,0
DA:464,0
DA:465,0
DA:470,0
DA:472,0
DA:476,0
DA:477,0
DA:478,0
DA:479,0
DA:480,0
DA:488,0
DA:490,0
DA:491,0
DA:492,0
DA:493,0
DA:494,0
DA:495,0
DA:499,0
DA:500,0
DA:504,0
DA:510,0
DA:523,0
DA:524,0
DA:525,0
DA:526,0
DA:527,0
DA:529,0
DA:531,0
DA:532,0
DA:542,0
DA:543,0
DA:544,0
DA:545,0
DA:547,0
DA:548,0
DA:553,0
DA:556,0
DA:557,0
DA:558,0
DA:559,0
DA:560,0
DA:562,0
DA:563,0
DA:565,0
DA:566,0
DA:567,0
DA:568,0
DA:569,0
DA:571,0
DA:572,0
DA:576,0
DA:578,0
DA:580,0
DA:581,0
DA:582,0
DA:583,0
DA:584,0
DA:585,0
DA:586,0
DA:588,0
DA:589,0
DA:590,0
DA:592,0
DA:593,0
DA:594,0
DA:596,0
DA:597,0
DA:598,0
DA:599,0
DA:600,0
DA:601,0
DA:602,0
DA:603,0
DA:604,0
DA:605,0
DA:606,0
DA:612,0
DA:614,0
DA:616,0
DA:617,0
DA:618,0
DA:619,0
DA:621,0
DA:623,0
DA:624,0
DA:625,0
DA:626,0
DA:627,0
DA:628,0
DA:629,0
DA:630,0
DA:631,0
DA:632,0
DA:634,0
DA:636,0
DA:637,0
DA:641,0
DA:643,0
DA:645,0
DA:646,0
DA:647,0
DA:648,0
DA:649,0
DA:652,0
DA:653,0
DA:655,0
DA:656,0
DA:657,0
DA:658,0
DA:659,0
DA:661,0
DA:662,0
DA:666,0
DA:668,0
DA:670,0
DA:671,0
DA:672,0
DA:673,0
DA:674,0
DA:677,0
DA:678,0
DA:680,0
DA:681,0
DA:682,0
DA:683,0
DA:684,0
DA:686,0
DA:687,0
DA:691,1
DA:694,1
DA:695,4
DA:696,3
DA:697,1
DA:698,1
DA:702,0
DA:703,0
DA:707,0
DA:713,0
DA:715,0
DA:719,0
DA:723,0
DA:724,0
DA:726,0
DA:727,0
DA:728,0
DA:729,0
DA:731,0
DA:736,0
DA:738,0
DA:739,0
DA:742,0
DA:746,0
DA:747,0
DA:751,0
DA:752,0
DA:753,0
DA:756,0
DA:758,0
DA:759,0
DA:761,0
DA:762,0
DA:763,0
DA:765,0
DA:766,0
DA:768,0
DA:773,0
DA:774,0
DA:777,0
DA:778,0
DA:784,1
DA:788,1
LF:387
LH:173
end_of_record
SF:lib/features/habits/domain/habits_repository.dart
DA:8,4
DA:10,4
DA:11,0
DA:13,4
DA:14,0
DA:16,1
DA:17,1
DA:18,2
DA:20,0
DA:27,4
DA:32,0
LF:11
LH:7
end_of_record
SF:lib/features/habits/domain/failures.dart
DA:4,0
DA:15,0
DA:19,0
DA:23,0
DA:27,0
DA:31,0
LF:6
LH:0
end_of_record
SF:lib/features/habits/domain/models/completion_record.dart
DA:22,2
DA:23,2
DA:25,2
DA:28,2
DA:29,14
DA:30,6
LF:6
LH:6
end_of_record
SF:lib/features/habits/domain/models/completion_record.g.dart
DA:9,2
DA:11,2
DA:12,2
DA:13,4
DA:14,2
DA:15,2
DA:16,2
DA:17,2
DA:18,2
DA:19,2
DA:20,2
DA:23,2
DA:25,2
DA:26,2
DA:27,4
DA:28,2
DA:29,2
DA:30,2
DA:31,2
DA:32,2
DA:33,2
DA:34,2
LF:22
LH:22
end_of_record
SF:lib/features/habits/data/storage/json_storage_service.dart
DA:8,3
DA:11,2
DA:12,2
DA:13,4
DA:17,3
DA:18,6
DA:20,2
DA:24,3
DA:25,3
DA:26,6
DA:30,3
DA:31,6
DA:32,3
DA:33,3
DA:34,3
DA:38,1
DA:39,2
DA:43,1
DA:44,2
DA:48,1
DA:49,2
DA:53,1
DA:54,2
DA:58,1
DA:59,2
DA:63,1
DA:64,2
DA:68,1
DA:69,2
LF:29
LH:29
end_of_record
SF:lib/features/statistics/statistics_service.dart
DA:15,1
DA:16,1
DA:17,3
DA:18,2
DA:22,1
DA:24,0
DA:29,0
DA:31,0
DA:32,0
DA:33,0
DA:34,0
DA:35,0
DA:38,2
DA:39,1
DA:43,0
DA:48,0
DA:49,0
DA:50,0
DA:51,0
DA:52,0
DA:56,0
DA:57,0
DA:58,0
DA:59,0
DA:63,0
DA:65,0
DA:70,0
DA:71,0
DA:72,0
DA:73,0
DA:76,0
DA:77,0
LF:32
LH:7
end_of_record
SF:lib/features/statistics/statistics_model.dart
DA:8,1
DA:16,2
DA:17,1
DA:18,1
DA:19,1
DA:20,1
DA:21,2
DA:24,0
DA:25,0
DA:26,0
DA:27,0
DA:28,0
DA:29,0
DA:31,0
DA:34,0
DA:39,0
LF:16
LH:7
end_of_record
SF:lib/features/habits/domain/models/goal_model.dart
DA:7,1
DA:9,1
DA:11,1
DA:13,1
DA:15,1
DA:33,1
DA:46,1
DA:55,1
DA:56,1
DA:57,1
DA:58,0
DA:59,1
DA:60,1
DA:61,1
DA:62,0
DA:63,1
DA:64,1
DA:65,1
DA:69,1
DA:70,1
DA:71,1
DA:72,1
DA:73,1
DA:74,1
DA:75,2
DA:76,2
DA:77,1
DA:78,1
DA:79,1
DA:80,2
DA:84,1
DA:85,1
DA:86,1
DA:87,1
DA:88,1
DA:89,1
DA:90,5
DA:91,2
DA:92,2
DA:93,1
DA:94,1
DA:95,2
LF:42
LH:40
end_of_record
